#! /usr/bin/vvp
:ivl_version "10.3 (stable)";
:ivl_delay_selection "TYPICAL";
:vpi_time_precision + 0;
:vpi_module "system";
:vpi_module "vhdl_sys";
:vpi_module "v2005_math";
:vpi_module "va_math";
S_0x55fa4a177850 .scope module, "sram_ifc" "sram_ifc" 2 5;
 .timescale 0 0;
    .port_info 0 /INPUT 1 "clk"
    .port_info 1 /INPUT 32 "d_fabric_in"
    .port_info 2 /INPUT 1 "csb"
    .port_info 3 /INPUT 1 "web"
    .port_info 4 /INPUT 1 "reb"
    .port_info 5 /INPUT 14 "addr_w"
    .port_info 6 /INPUT 14 "addr_r"
    .port_info 7 /INPUT 3 "conf"
    .port_info 8 /INPUT 1 "out_reg"
    .port_info 9 /OUTPUT 32 "d_sram_in"
    .port_info 10 /OUTPUT 32 "w_mask"
    .port_info 11 /INPUT 32 "d_sram_out"
    .port_info 12 /OUTPUT 32 "d_fabric_out"
    .port_info 13 /OUTPUT 1 "csb0_sync"
    .port_info 14 /OUTPUT 1 "web0_sync"
    .port_info 15 /OUTPUT 1 "csb1_sync"
    .port_info 16 /OUTPUT 9 "baseaddr_w_sync"
    .port_info 17 /OUTPUT 9 "baseaddr_r_sync"
o0x7f0cffc545e8 .functor BUFZ 14, C4<zzzzzzzzzzzzzz>; HiZ drive
v0x55fa4a1f79b0_0 .net "addr_r", 13 0, o0x7f0cffc545e8;  0 drivers
v0x55fa4a1f7ab0_0 .var "addr_r_sync", 13 0;
o0x7f0cffc54648 .functor BUFZ 14, C4<zzzzzzzzzzzzzz>; HiZ drive
v0x55fa4a1f7b90_0 .net "addr_w", 13 0, o0x7f0cffc54648;  0 drivers
v0x55fa4a1f7c50_0 .var "addr_w_sync", 13 0;
v0x55fa4a1f7d30_0 .net "baseaddr_r_sync", 8 0, L_0x55fa4a1f97b0;  1 drivers
v0x55fa4a1f7e10_0 .net "baseaddr_w_sync", 8 0, L_0x55fa4a1d7100;  1 drivers
o0x7f0cffc54708 .functor BUFZ 1, C4<z>; HiZ drive
v0x55fa4a1f7ef0_0 .net "clk", 0 0, o0x7f0cffc54708;  0 drivers
o0x7f0cffc54738 .functor BUFZ 3, C4<zzz>; HiZ drive
v0x55fa4a1f7fb0_0 .net "conf", 2 0, o0x7f0cffc54738;  0 drivers
v0x55fa4a1f8090_0 .var "conf_stage_2", 2 0;
v0x55fa4a1f8200_0 .var "conf_stage_3", 2 0;
v0x55fa4a1f82c0_0 .var "conf_sync", 2 0;
o0x7f0cffc54798 .functor BUFZ 1, C4<z>; HiZ drive
v0x55fa4a1f8360_0 .net "csb", 0 0, o0x7f0cffc54798;  0 drivers
v0x55fa4a1f8420_0 .var "csb0_sync", 0 0;
v0x55fa4a1f84e0_0 .var "csb1_sync", 0 0;
o0x7f0cffc54828 .functor BUFZ 32, C4<zzzzzzzzzzzzzzzzzzzzzzzzzzzzzzzz>; HiZ drive
v0x55fa4a1f85a0_0 .net "d_fabric_in", 31 0, o0x7f0cffc54828;  0 drivers
v0x55fa4a1f8680_0 .var "d_fabric_in_sync", 31 0;
v0x55fa4a1f8740_0 .net "d_fabric_out", 31 0, L_0x55fa4a1fa230;  1 drivers
v0x55fa4a1f8910_0 .net "d_fabric_out_noreg", 31 0, v0x55fa4a1f7850_0;  1 drivers
v0x55fa4a1f8a00_0 .var "d_fabric_out_reg", 31 0;
v0x55fa4a1f8ac0_0 .net "d_sram_in", 31 0, v0x55fa4a1f67d0_0;  1 drivers
o0x7f0cffc548b8 .functor BUFZ 32, C4<zzzzzzzzzzzzzzzzzzzzzzzzzzzzzzzz>; HiZ drive
v0x55fa4a1f8bb0_0 .net "d_sram_out", 31 0, o0x7f0cffc548b8;  0 drivers
v0x55fa4a1f8c70_0 .var "d_sram_out_stage_3", 31 0;
o0x7f0cffc548e8 .functor BUFZ 1, C4<z>; HiZ drive
v0x55fa4a1f8d60_0 .net "out_reg", 0 0, o0x7f0cffc548e8;  0 drivers
o0x7f0cffc54918 .functor BUFZ 1, C4<z>; HiZ drive
v0x55fa4a1f8e00_0 .net "reb", 0 0, o0x7f0cffc54918;  0 drivers
v0x55fa4a1f8ec0_0 .var "subaddr_r_stage_2", 4 0;
v0x55fa4a1f8fa0_0 .var "subaddr_r_stage_3", 4 0;
v0x55fa4a1f9090_0 .net "subaddr_r_sync", 4 0, L_0x55fa4a1f99f0;  1 drivers
v0x55fa4a1f9150_0 .net "subaddr_w_sync", 4 0, L_0x55fa4a1f98b0;  1 drivers
v0x55fa4a1f9240_0 .net "w_mask", 31 0, v0x55fa4a1a3150_0;  1 drivers
o0x7f0cffc549a8 .functor BUFZ 1, C4<z>; HiZ drive
v0x55fa4a1f9310_0 .net "web", 0 0, o0x7f0cffc549a8;  0 drivers
v0x55fa4a1f93b0_0 .var "web0_sync", 0 0;
E_0x55fa4a181d20 .event posedge, v0x55fa4a1f7ef0_0;
L_0x55fa4a1d7100 .part v0x55fa4a1f7c50_0, 0, 9;
L_0x55fa4a1f97b0 .part v0x55fa4a1f7ab0_0, 0, 9;
L_0x55fa4a1f98b0 .part v0x55fa4a1f7c50_0, 9, 5;
L_0x55fa4a1f99f0 .part v0x55fa4a1f7ab0_0, 9, 5;
L_0x55fa4a1fa230 .functor MUXZ 32, v0x55fa4a1f7850_0, v0x55fa4a1f8a00_0, o0x7f0cffc548e8, C4<>;
S_0x55fa4a180e90 .scope module, "bl_mask_1" "bl_mask" 2 63, 3 2 0, S_0x55fa4a177850;
 .timescale 0 0;
    .port_info 0 /INPUT 5 "addr"
    .port_info 1 /INPUT 3 "conf"
    .port_info 2 /OUTPUT 32 "mask"
v0x55fa4a1d7500_0 .net "addr", 4 0, L_0x55fa4a1f98b0;  alias, 1 drivers
v0x55fa4a1d7a00_0 .net "conf", 2 0, v0x55fa4a1f82c0_0;  1 drivers
v0x55fa4a1a3150_0 .var "mask", 31 0;
E_0x55fa4a11f8a0 .event edge, v0x55fa4a1d7a00_0, v0x55fa4a1d7500_0;
S_0x55fa4a1f63b0 .scope module, "input_shifter_1" "input_shifter" 2 69, 4 1 0, S_0x55fa4a177850;
 .timescale 0 0;
    .port_info 0 /INPUT 32 "D"
    .port_info 1 /INPUT 3 "conf"
    .port_info 2 /OUTPUT 32 "din"
v0x55fa4a1f6610_0 .net "D", 31 0, v0x55fa4a1f8680_0;  1 drivers
v0x55fa4a1f6710_0 .net "conf", 2 0, v0x55fa4a1f82c0_0;  alias, 1 drivers
v0x55fa4a1f67d0_0 .var "din", 31 0;
E_0x55fa4a154540 .event edge, v0x55fa4a1d7a00_0, v0x55fa4a1f6610_0;
S_0x55fa4a1f68f0 .scope module, "output_shifter_1" "log_output_shifter" 2 109, 5 1 0, S_0x55fa4a177850;
 .timescale 0 0;
    .port_info 0 /INPUT 32 "D"
    .port_info 1 /INPUT 3 "conf"
    .port_info 2 /INPUT 5 "addr"
    .port_info 3 /OUTPUT 32 "dout"
v0x55fa4a1f6b00_0 .net "D", 31 0, v0x55fa4a1f8c70_0;  1 drivers
L_0x7f0cffc0b018 .functor BUFT 1, C4<000>, C4<0>, C4<0>, C4<0>;
v0x55fa4a1f6be0_0 .net/2u *"_s0", 2 0, L_0x7f0cffc0b018;  1 drivers
L_0x7f0cffc0b0f0 .functor BUFT 1, C4<011>, C4<0>, C4<0>, C4<0>;
v0x55fa4a1f6cc0_0 .net/2u *"_s12", 2 0, L_0x7f0cffc0b0f0;  1 drivers
L_0x7f0cffc0b138 .functor BUFT 1, C4<100>, C4<0>, C4<0>, C4<0>;
v0x55fa4a1f6db0_0 .net/2u *"_s16", 2 0, L_0x7f0cffc0b138;  1 drivers
L_0x7f0cffc0b180 .functor BUFT 1, C4<101>, C4<0>, C4<0>, C4<0>;
v0x55fa4a1f6e90_0 .net/2u *"_s20", 2 0, L_0x7f0cffc0b180;  1 drivers
L_0x7f0cffc0b060 .functor BUFT 1, C4<001>, C4<0>, C4<0>, C4<0>;
v0x55fa4a1f6fc0_0 .net/2u *"_s4", 2 0, L_0x7f0cffc0b060;  1 drivers
L_0x7f0cffc0b0a8 .functor BUFT 1, C4<010>, C4<0>, C4<0>, C4<0>;
v0x55fa4a1f70a0_0 .net/2u *"_s8", 2 0, L_0x7f0cffc0b0a8;  1 drivers
v0x55fa4a1f7180_0 .net "addr", 4 0, v0x55fa4a1f8fa0_0;  1 drivers
v0x55fa4a1f7260_0 .net "c1", 0 0, L_0x55fa4a1fa0d0;  1 drivers
v0x55fa4a1f73b0_0 .net "c16", 0 0, L_0x55fa4a1f9c50;  1 drivers
v0x55fa4a1f7470_0 .net "c2", 0 0, L_0x55fa4a1f9fe0;  1 drivers
v0x55fa4a1f7530_0 .net "c32", 0 0, L_0x55fa4a1f9b10;  1 drivers
v0x55fa4a1f75f0_0 .net "c4", 0 0, L_0x55fa4a1f9e40;  1 drivers
v0x55fa4a1f76b0_0 .net "c8", 0 0, L_0x55fa4a1f9d70;  1 drivers
v0x55fa4a1f7770_0 .net "conf", 2 0, v0x55fa4a1f8200_0;  1 drivers
v0x55fa4a1f7850_0 .var "dout", 31 0;
E_0x55fa4a154950/0 .event edge, v0x55fa4a1f6b00_0, v0x55fa4a1f73b0_0, v0x55fa4a1f7180_0, v0x55fa4a1f76b0_0;
E_0x55fa4a154950/1 .event edge, v0x55fa4a1f75f0_0, v0x55fa4a1f7470_0, v0x55fa4a1f7260_0;
E_0x55fa4a154950 .event/or E_0x55fa4a154950/0, E_0x55fa4a154950/1;
L_0x55fa4a1f9b10 .cmp/eq 3, v0x55fa4a1f8200_0, L_0x7f0cffc0b018;
L_0x55fa4a1f9c50 .cmp/eq 3, v0x55fa4a1f8200_0, L_0x7f0cffc0b060;
L_0x55fa4a1f9d70 .cmp/eq 3, v0x55fa4a1f8200_0, L_0x7f0cffc0b0a8;
L_0x55fa4a1f9e40 .cmp/eq 3, v0x55fa4a1f8200_0, L_0x7f0cffc0b0f0;
L_0x55fa4a1f9fe0 .cmp/eq 3, v0x55fa4a1f8200_0, L_0x7f0cffc0b138;
L_0x55fa4a1fa0d0 .cmp/eq 3, v0x55fa4a1f8200_0, L_0x7f0cffc0b180;
    .scope S_0x55fa4a180e90;
T_0 ;
    %wait E_0x55fa4a11f8a0;
    %load/vec4 v0x55fa4a1d7a00_0;
    %dup/vec4;
    %pushi/vec4 0, 0, 3;
    %cmp/u;
    %jmp/1 T_0.0, 6;
    %dup/vec4;
    %pushi/vec4 1, 0, 3;
    %cmp/u;
    %jmp/1 T_0.1, 6;
    %dup/vec4;
    %pushi/vec4 2, 0, 3;
    %cmp/u;
    %jmp/1 T_0.2, 6;
    %dup/vec4;
    %pushi/vec4 3, 0, 3;
    %cmp/u;
    %jmp/1 T_0.3, 6;
    %dup/vec4;
    %pushi/vec4 4, 0, 3;
    %cmp/u;
    %jmp/1 T_0.4, 6;
    %dup/vec4;
    %pushi/vec4 5, 0, 3;
    %cmp/u;
    %jmp/1 T_0.5, 6;
    %pushi/vec4 4294967295, 0, 32;
    %store/vec4 v0x55fa4a1a3150_0, 0, 32;
    %jmp T_0.7;
T_0.0 ;
    %pushi/vec4 4294967295, 0, 32;
    %store/vec4 v0x55fa4a1a3150_0, 0, 32;
    %jmp T_0.7;
T_0.1 ;
    %load/vec4 v0x55fa4a1d7500_0;
    %parti/s 1, 0, 2;
    %nor/r;
    %flag_set/vec4 8;
    %jmp/0xz  T_0.8, 8;
    %pushi/vec4 65535, 0, 32;
    %store/vec4 v0x55fa4a1a3150_0, 0, 32;
    %jmp T_0.9;
T_0.8 ;
    %load/vec4 v0x55fa4a1d7500_0;
    %parti/s 1, 0, 2;
    %flag_set/vec4 8;
    %jmp/0xz  T_0.10, 8;
    %pushi/vec4 4294901760, 0, 32;
    %store/vec4 v0x55fa4a1a3150_0, 0, 32;
    %jmp T_0.11;
T_0.10 ;
    %pushi/vec4 0, 0, 32;
    %store/vec4 v0x55fa4a1a3150_0, 0, 32;
T_0.11 ;
T_0.9 ;
    %jmp T_0.7;
T_0.2 ;
    %load/vec4 v0x55fa4a1d7500_0;
    %parti/s 2, 0, 2;
    %cmpi/e 0, 0, 2;
    %jmp/0xz  T_0.12, 4;
    %pushi/vec4 255, 0, 32;
    %store/vec4 v0x55fa4a1a3150_0, 0, 32;
    %jmp T_0.13;
T_0.12 ;
    %load/vec4 v0x55fa4a1d7500_0;
    %parti/s 2, 0, 2;
    %cmpi/e 1, 0, 2;
    %jmp/0xz  T_0.14, 4;
    %pushi/vec4 65280, 0, 32;
    %store/vec4 v0x55fa4a1a3150_0, 0, 32;
    %jmp T_0.15;
T_0.14 ;
    %load/vec4 v0x55fa4a1d7500_0;
    %parti/s 2, 0, 2;
    %cmpi/e 2, 0, 2;
    %jmp/0xz  T_0.16, 4;
    %pushi/vec4 16711680, 0, 32;
    %store/vec4 v0x55fa4a1a3150_0, 0, 32;
    %jmp T_0.17;
T_0.16 ;
    %load/vec4 v0x55fa4a1d7500_0;
    %parti/s 2, 0, 2;
    %cmpi/e 3, 0, 2;
    %jmp/0xz  T_0.18, 4;
    %pushi/vec4 4278190080, 0, 32;
    %store/vec4 v0x55fa4a1a3150_0, 0, 32;
    %jmp T_0.19;
T_0.18 ;
    %pushi/vec4 0, 0, 32;
    %store/vec4 v0x55fa4a1a3150_0, 0, 32;
T_0.19 ;
T_0.17 ;
T_0.15 ;
T_0.13 ;
    %jmp T_0.7;
T_0.3 ;
    %load/vec4 v0x55fa4a1d7500_0;
    %parti/s 3, 0, 2;
    %cmpi/e 0, 0, 3;
    %jmp/0xz  T_0.20, 4;
    %pushi/vec4 15, 0, 32;
    %store/vec4 v0x55fa4a1a3150_0, 0, 32;
    %jmp T_0.21;
T_0.20 ;
    %load/vec4 v0x55fa4a1d7500_0;
    %parti/s 3, 0, 2;
    %cmpi/e 1, 0, 3;
    %jmp/0xz  T_0.22, 4;
    %pushi/vec4 240, 0, 32;
    %store/vec4 v0x55fa4a1a3150_0, 0, 32;
    %jmp T_0.23;
T_0.22 ;
    %load/vec4 v0x55fa4a1d7500_0;
    %parti/s 3, 0, 2;
    %cmpi/e 2, 0, 3;
    %jmp/0xz  T_0.24, 4;
    %pushi/vec4 3840, 0, 32;
    %store/vec4 v0x55fa4a1a3150_0, 0, 32;
    %jmp T_0.25;
T_0.24 ;
    %load/vec4 v0x55fa4a1d7500_0;
    %parti/s 3, 0, 2;
    %cmpi/e 3, 0, 3;
    %jmp/0xz  T_0.26, 4;
    %pushi/vec4 61440, 0, 32;
    %store/vec4 v0x55fa4a1a3150_0, 0, 32;
    %jmp T_0.27;
T_0.26 ;
    %load/vec4 v0x55fa4a1d7500_0;
    %parti/s 3, 0, 2;
    %cmpi/e 4, 0, 3;
    %jmp/0xz  T_0.28, 4;
    %pushi/vec4 983040, 0, 32;
    %store/vec4 v0x55fa4a1a3150_0, 0, 32;
    %jmp T_0.29;
T_0.28 ;
    %load/vec4 v0x55fa4a1d7500_0;
    %parti/s 3, 0, 2;
    %cmpi/e 5, 0, 3;
    %jmp/0xz  T_0.30, 4;
    %pushi/vec4 15728640, 0, 32;
    %store/vec4 v0x55fa4a1a3150_0, 0, 32;
    %jmp T_0.31;
T_0.30 ;
    %load/vec4 v0x55fa4a1d7500_0;
    %parti/s 3, 0, 2;
    %cmpi/e 6, 0, 3;
    %jmp/0xz  T_0.32, 4;
    %pushi/vec4 251658240, 0, 32;
    %store/vec4 v0x55fa4a1a3150_0, 0, 32;
    %jmp T_0.33;
T_0.32 ;
    %load/vec4 v0x55fa4a1d7500_0;
    %parti/s 3, 0, 2;
    %cmpi/e 7, 0, 3;
    %jmp/0xz  T_0.34, 4;
    %pushi/vec4 4026531840, 0, 32;
    %store/vec4 v0x55fa4a1a3150_0, 0, 32;
    %jmp T_0.35;
T_0.34 ;
    %pushi/vec4 0, 0, 32;
    %store/vec4 v0x55fa4a1a3150_0, 0, 32;
T_0.35 ;
T_0.33 ;
T_0.31 ;
T_0.29 ;
T_0.27 ;
T_0.25 ;
T_0.23 ;
T_0.21 ;
    %jmp T_0.7;
T_0.4 ;
    %load/vec4 v0x55fa4a1d7500_0;
    %parti/s 4, 0, 2;
    %cmpi/e 0, 0, 4;
    %jmp/0xz  T_0.36, 4;
    %pushi/vec4 3, 0, 32;
    %store/vec4 v0x55fa4a1a3150_0, 0, 32;
    %jmp T_0.37;
T_0.36 ;
    %load/vec4 v0x55fa4a1d7500_0;
    %parti/s 4, 0, 2;
    %cmpi/e 1, 0, 4;
    %jmp/0xz  T_0.38, 4;
    %pushi/vec4 12, 0, 32;
    %store/vec4 v0x55fa4a1a3150_0, 0, 32;
    %jmp T_0.39;
T_0.38 ;
    %load/vec4 v0x55fa4a1d7500_0;
    %parti/s 4, 0, 2;
    %cmpi/e 2, 0, 4;
    %jmp/0xz  T_0.40, 4;
    %pushi/vec4 48, 0, 32;
    %store/vec4 v0x55fa4a1a3150_0, 0, 32;
    %jmp T_0.41;
T_0.40 ;
    %load/vec4 v0x55fa4a1d7500_0;
    %parti/s 4, 0, 2;
    %cmpi/e 3, 0, 4;
    %jmp/0xz  T_0.42, 4;
    %pushi/vec4 192, 0, 32;
    %store/vec4 v0x55fa4a1a3150_0, 0, 32;
    %jmp T_0.43;
T_0.42 ;
    %load/vec4 v0x55fa4a1d7500_0;
    %parti/s 4, 0, 2;
    %cmpi/e 4, 0, 4;
    %jmp/0xz  T_0.44, 4;
    %pushi/vec4 768, 0, 32;
    %store/vec4 v0x55fa4a1a3150_0, 0, 32;
    %jmp T_0.45;
T_0.44 ;
    %load/vec4 v0x55fa4a1d7500_0;
    %parti/s 4, 0, 2;
    %cmpi/e 5, 0, 4;
    %jmp/0xz  T_0.46, 4;
    %pushi/vec4 3072, 0, 32;
    %store/vec4 v0x55fa4a1a3150_0, 0, 32;
    %jmp T_0.47;
T_0.46 ;
    %load/vec4 v0x55fa4a1d7500_0;
    %parti/s 4, 0, 2;
    %cmpi/e 6, 0, 4;
    %jmp/0xz  T_0.48, 4;
    %pushi/vec4 12288, 0, 32;
    %store/vec4 v0x55fa4a1a3150_0, 0, 32;
    %jmp T_0.49;
T_0.48 ;
    %load/vec4 v0x55fa4a1d7500_0;
    %parti/s 4, 0, 2;
    %cmpi/e 7, 0, 4;
    %jmp/0xz  T_0.50, 4;
    %pushi/vec4 49152, 0, 32;
    %store/vec4 v0x55fa4a1a3150_0, 0, 32;
    %jmp T_0.51;
T_0.50 ;
    %load/vec4 v0x55fa4a1d7500_0;
    %parti/s 4, 0, 2;
    %cmpi/e 8, 0, 4;
    %jmp/0xz  T_0.52, 4;
    %pushi/vec4 196608, 0, 32;
    %store/vec4 v0x55fa4a1a3150_0, 0, 32;
    %jmp T_0.53;
T_0.52 ;
    %load/vec4 v0x55fa4a1d7500_0;
    %parti/s 4, 0, 2;
    %cmpi/e 9, 0, 4;
    %jmp/0xz  T_0.54, 4;
    %pushi/vec4 786432, 0, 32;
    %store/vec4 v0x55fa4a1a3150_0, 0, 32;
    %jmp T_0.55;
T_0.54 ;
    %load/vec4 v0x55fa4a1d7500_0;
    %parti/s 4, 0, 2;
    %cmpi/e 10, 0, 4;
    %jmp/0xz  T_0.56, 4;
    %pushi/vec4 3145728, 0, 32;
    %store/vec4 v0x55fa4a1a3150_0, 0, 32;
    %jmp T_0.57;
T_0.56 ;
    %load/vec4 v0x55fa4a1d7500_0;
    %parti/s 4, 0, 2;
    %cmpi/e 11, 0, 4;
    %jmp/0xz  T_0.58, 4;
    %pushi/vec4 12582912, 0, 32;
    %store/vec4 v0x55fa4a1a3150_0, 0, 32;
    %jmp T_0.59;
T_0.58 ;
    %load/vec4 v0x55fa4a1d7500_0;
    %parti/s 4, 0, 2;
    %cmpi/e 12, 0, 4;
    %jmp/0xz  T_0.60, 4;
    %pushi/vec4 50331648, 0, 32;
    %store/vec4 v0x55fa4a1a3150_0, 0, 32;
    %jmp T_0.61;
T_0.60 ;
    %load/vec4 v0x55fa4a1d7500_0;
    %parti/s 4, 0, 2;
    %cmpi/e 13, 0, 4;
    %jmp/0xz  T_0.62, 4;
    %pushi/vec4 201326592, 0, 32;
    %store/vec4 v0x55fa4a1a3150_0, 0, 32;
    %jmp T_0.63;
T_0.62 ;
    %load/vec4 v0x55fa4a1d7500_0;
    %parti/s 4, 0, 2;
    %cmpi/e 14, 0, 4;
    %jmp/0xz  T_0.64, 4;
    %pushi/vec4 805306368, 0, 32;
    %store/vec4 v0x55fa4a1a3150_0, 0, 32;
    %jmp T_0.65;
T_0.64 ;
    %load/vec4 v0x55fa4a1d7500_0;
    %parti/s 4, 0, 2;
    %cmpi/e 15, 0, 4;
    %jmp/0xz  T_0.66, 4;
    %pushi/vec4 3221225472, 0, 32;
    %store/vec4 v0x55fa4a1a3150_0, 0, 32;
    %jmp T_0.67;
T_0.66 ;
    %pushi/vec4 0, 0, 32;
    %store/vec4 v0x55fa4a1a3150_0, 0, 32;
T_0.67 ;
T_0.65 ;
T_0.63 ;
T_0.61 ;
T_0.59 ;
T_0.57 ;
T_0.55 ;
T_0.53 ;
T_0.51 ;
T_0.49 ;
T_0.47 ;
T_0.45 ;
T_0.43 ;
T_0.41 ;
T_0.39 ;
T_0.37 ;
    %jmp T_0.7;
T_0.5 ;
    %load/vec4 v0x55fa4a1d7500_0;
    %cmpi/e 0, 0, 5;
    %jmp/0xz  T_0.68, 4;
    %pushi/vec4 1, 0, 32;
    %store/vec4 v0x55fa4a1a3150_0, 0, 32;
    %jmp T_0.69;
T_0.68 ;
    %load/vec4 v0x55fa4a1d7500_0;
    %cmpi/e 1, 0, 5;
    %jmp/0xz  T_0.70, 4;
    %pushi/vec4 2, 0, 32;
    %store/vec4 v0x55fa4a1a3150_0, 0, 32;
    %jmp T_0.71;
T_0.70 ;
    %load/vec4 v0x55fa4a1d7500_0;
    %cmpi/e 2, 0, 5;
    %jmp/0xz  T_0.72, 4;
    %pushi/vec4 4, 0, 32;
    %store/vec4 v0x55fa4a1a3150_0, 0, 32;
    %jmp T_0.73;
T_0.72 ;
    %load/vec4 v0x55fa4a1d7500_0;
    %cmpi/e 3, 0, 5;
    %jmp/0xz  T_0.74, 4;
    %pushi/vec4 8, 0, 32;
    %store/vec4 v0x55fa4a1a3150_0, 0, 32;
    %jmp T_0.75;
T_0.74 ;
    %load/vec4 v0x55fa4a1d7500_0;
    %cmpi/e 4, 0, 5;
    %jmp/0xz  T_0.76, 4;
    %pushi/vec4 16, 0, 32;
    %store/vec4 v0x55fa4a1a3150_0, 0, 32;
    %jmp T_0.77;
T_0.76 ;
    %load/vec4 v0x55fa4a1d7500_0;
    %cmpi/e 5, 0, 5;
    %jmp/0xz  T_0.78, 4;
    %pushi/vec4 32, 0, 32;
    %store/vec4 v0x55fa4a1a3150_0, 0, 32;
    %jmp T_0.79;
T_0.78 ;
    %load/vec4 v0x55fa4a1d7500_0;
    %cmpi/e 6, 0, 5;
    %jmp/0xz  T_0.80, 4;
    %pushi/vec4 64, 0, 32;
    %store/vec4 v0x55fa4a1a3150_0, 0, 32;
    %jmp T_0.81;
T_0.80 ;
    %load/vec4 v0x55fa4a1d7500_0;
    %cmpi/e 7, 0, 5;
    %jmp/0xz  T_0.82, 4;
    %pushi/vec4 128, 0, 32;
    %store/vec4 v0x55fa4a1a3150_0, 0, 32;
    %jmp T_0.83;
T_0.82 ;
    %load/vec4 v0x55fa4a1d7500_0;
    %cmpi/e 8, 0, 5;
    %jmp/0xz  T_0.84, 4;
    %pushi/vec4 256, 0, 32;
    %store/vec4 v0x55fa4a1a3150_0, 0, 32;
    %jmp T_0.85;
T_0.84 ;
    %load/vec4 v0x55fa4a1d7500_0;
    %cmpi/e 9, 0, 5;
    %jmp/0xz  T_0.86, 4;
    %pushi/vec4 512, 0, 32;
    %store/vec4 v0x55fa4a1a3150_0, 0, 32;
    %jmp T_0.87;
T_0.86 ;
    %load/vec4 v0x55fa4a1d7500_0;
    %cmpi/e 10, 0, 5;
    %jmp/0xz  T_0.88, 4;
    %pushi/vec4 1024, 0, 32;
    %store/vec4 v0x55fa4a1a3150_0, 0, 32;
    %jmp T_0.89;
T_0.88 ;
    %load/vec4 v0x55fa4a1d7500_0;
    %cmpi/e 11, 0, 5;
    %jmp/0xz  T_0.90, 4;
    %pushi/vec4 2048, 0, 32;
    %store/vec4 v0x55fa4a1a3150_0, 0, 32;
    %jmp T_0.91;
T_0.90 ;
    %load/vec4 v0x55fa4a1d7500_0;
    %cmpi/e 12, 0, 5;
    %jmp/0xz  T_0.92, 4;
    %pushi/vec4 4096, 0, 32;
    %store/vec4 v0x55fa4a1a3150_0, 0, 32;
    %jmp T_0.93;
T_0.92 ;
    %load/vec4 v0x55fa4a1d7500_0;
    %cmpi/e 13, 0, 5;
    %jmp/0xz  T_0.94, 4;
    %pushi/vec4 8192, 0, 32;
    %store/vec4 v0x55fa4a1a3150_0, 0, 32;
    %jmp T_0.95;
T_0.94 ;
    %load/vec4 v0x55fa4a1d7500_0;
    %cmpi/e 14, 0, 5;
    %jmp/0xz  T_0.96, 4;
    %pushi/vec4 16384, 0, 32;
    %store/vec4 v0x55fa4a1a3150_0, 0, 32;
    %jmp T_0.97;
T_0.96 ;
    %load/vec4 v0x55fa4a1d7500_0;
    %cmpi/e 15, 0, 5;
    %jmp/0xz  T_0.98, 4;
    %pushi/vec4 32768, 0, 32;
    %store/vec4 v0x55fa4a1a3150_0, 0, 32;
    %jmp T_0.99;
T_0.98 ;
    %load/vec4 v0x55fa4a1d7500_0;
    %cmpi/e 16, 0, 5;
    %jmp/0xz  T_0.100, 4;
    %pushi/vec4 65536, 0, 32;
    %store/vec4 v0x55fa4a1a3150_0, 0, 32;
    %jmp T_0.101;
T_0.100 ;
    %load/vec4 v0x55fa4a1d7500_0;
    %cmpi/e 17, 0, 5;
    %jmp/0xz  T_0.102, 4;
    %pushi/vec4 131072, 0, 32;
    %store/vec4 v0x55fa4a1a3150_0, 0, 32;
    %jmp T_0.103;
T_0.102 ;
    %load/vec4 v0x55fa4a1d7500_0;
    %cmpi/e 18, 0, 5;
    %jmp/0xz  T_0.104, 4;
    %pushi/vec4 262144, 0, 32;
    %store/vec4 v0x55fa4a1a3150_0, 0, 32;
    %jmp T_0.105;
T_0.104 ;
    %load/vec4 v0x55fa4a1d7500_0;
    %cmpi/e 19, 0, 5;
    %jmp/0xz  T_0.106, 4;
    %pushi/vec4 524288, 0, 32;
    %store/vec4 v0x55fa4a1a3150_0, 0, 32;
    %jmp T_0.107;
T_0.106 ;
    %load/vec4 v0x55fa4a1d7500_0;
    %cmpi/e 20, 0, 5;
    %jmp/0xz  T_0.108, 4;
    %pushi/vec4 1048576, 0, 32;
    %store/vec4 v0x55fa4a1a3150_0, 0, 32;
    %jmp T_0.109;
T_0.108 ;
    %load/vec4 v0x55fa4a1d7500_0;
    %cmpi/e 21, 0, 5;
    %jmp/0xz  T_0.110, 4;
    %pushi/vec4 2097152, 0, 32;
    %store/vec4 v0x55fa4a1a3150_0, 0, 32;
    %jmp T_0.111;
T_0.110 ;
    %load/vec4 v0x55fa4a1d7500_0;
    %cmpi/e 22, 0, 5;
    %jmp/0xz  T_0.112, 4;
    %pushi/vec4 4194304, 0, 32;
    %store/vec4 v0x55fa4a1a3150_0, 0, 32;
    %jmp T_0.113;
T_0.112 ;
    %load/vec4 v0x55fa4a1d7500_0;
    %cmpi/e 23, 0, 5;
    %jmp/0xz  T_0.114, 4;
    %pushi/vec4 8388608, 0, 32;
    %store/vec4 v0x55fa4a1a3150_0, 0, 32;
    %jmp T_0.115;
T_0.114 ;
    %load/vec4 v0x55fa4a1d7500_0;
    %cmpi/e 24, 0, 5;
    %jmp/0xz  T_0.116, 4;
    %pushi/vec4 16777216, 0, 32;
    %store/vec4 v0x55fa4a1a3150_0, 0, 32;
    %jmp T_0.117;
T_0.116 ;
    %load/vec4 v0x55fa4a1d7500_0;
    %cmpi/e 25, 0, 5;
    %jmp/0xz  T_0.118, 4;
    %pushi/vec4 33554432, 0, 32;
    %store/vec4 v0x55fa4a1a3150_0, 0, 32;
    %jmp T_0.119;
T_0.118 ;
    %load/vec4 v0x55fa4a1d7500_0;
    %cmpi/e 26, 0, 5;
    %jmp/0xz  T_0.120, 4;
    %pushi/vec4 67108864, 0, 32;
    %store/vec4 v0x55fa4a1a3150_0, 0, 32;
    %jmp T_0.121;
T_0.120 ;
    %load/vec4 v0x55fa4a1d7500_0;
    %cmpi/e 27, 0, 5;
    %jmp/0xz  T_0.122, 4;
    %pushi/vec4 134217728, 0, 32;
    %store/vec4 v0x55fa4a1a3150_0, 0, 32;
    %jmp T_0.123;
T_0.122 ;
    %load/vec4 v0x55fa4a1d7500_0;
    %cmpi/e 28, 0, 5;
    %jmp/0xz  T_0.124, 4;
    %pushi/vec4 268435456, 0, 32;
    %store/vec4 v0x55fa4a1a3150_0, 0, 32;
    %jmp T_0.125;
T_0.124 ;
    %load/vec4 v0x55fa4a1d7500_0;
    %cmpi/e 29, 0, 5;
    %jmp/0xz  T_0.126, 4;
    %pushi/vec4 536870912, 0, 32;
    %store/vec4 v0x55fa4a1a3150_0, 0, 32;
    %jmp T_0.127;
T_0.126 ;
    %load/vec4 v0x55fa4a1d7500_0;
    %cmpi/e 30, 0, 5;
    %jmp/0xz  T_0.128, 4;
    %pushi/vec4 1073741824, 0, 32;
    %store/vec4 v0x55fa4a1a3150_0, 0, 32;
    %jmp T_0.129;
T_0.128 ;
    %load/vec4 v0x55fa4a1d7500_0;
    %cmpi/e 31, 0, 5;
    %jmp/0xz  T_0.130, 4;
    %pushi/vec4 2147483648, 0, 32;
    %store/vec4 v0x55fa4a1a3150_0, 0, 32;
    %jmp T_0.131;
T_0.130 ;
    %pushi/vec4 0, 0, 32;
    %store/vec4 v0x55fa4a1a3150_0, 0, 32;
T_0.131 ;
T_0.129 ;
T_0.127 ;
T_0.125 ;
T_0.123 ;
T_0.121 ;
T_0.119 ;
T_0.117 ;
T_0.115 ;
T_0.113 ;
T_0.111 ;
T_0.109 ;
T_0.107 ;
T_0.105 ;
T_0.103 ;
T_0.101 ;
T_0.99 ;
T_0.97 ;
T_0.95 ;
T_0.93 ;
T_0.91 ;
T_0.89 ;
T_0.87 ;
T_0.85 ;
T_0.83 ;
T_0.81 ;
T_0.79 ;
T_0.77 ;
T_0.75 ;
T_0.73 ;
T_0.71 ;
T_0.69 ;
    %jmp T_0.7;
T_0.7 ;
    %pop/vec4 1;
    %jmp T_0;
    .thread T_0, $push;
    .scope S_0x55fa4a1f63b0;
T_1 ;
    %wait E_0x55fa4a154540;
    %load/vec4 v0x55fa4a1f6710_0;
    %dup/vec4;
    %pushi/vec4 0, 0, 3;
    %cmp/u;
    %jmp/1 T_1.0, 6;
    %dup/vec4;
    %pushi/vec4 1, 0, 3;
    %cmp/u;
    %jmp/1 T_1.1, 6;
    %dup/vec4;
    %pushi/vec4 2, 0, 3;
    %cmp/u;
    %jmp/1 T_1.2, 6;
    %dup/vec4;
    %pushi/vec4 3, 0, 3;
    %cmp/u;
    %jmp/1 T_1.3, 6;
    %dup/vec4;
    %pushi/vec4 4, 0, 3;
    %cmp/u;
    %jmp/1 T_1.4, 6;
    %dup/vec4;
    %pushi/vec4 5, 0, 3;
    %cmp/u;
    %jmp/1 T_1.5, 6;
    %load/vec4 v0x55fa4a1f6610_0;
    %parti/s 1, 0, 2;
    %replicate 32;
    %store/vec4 v0x55fa4a1f67d0_0, 0, 32;
    %jmp T_1.7;
T_1.0 ;
    %load/vec4 v0x55fa4a1f6610_0;
    %store/vec4 v0x55fa4a1f67d0_0, 0, 32;
    %jmp T_1.7;
T_1.1 ;
    %load/vec4 v0x55fa4a1f6610_0;
    %parti/s 16, 0, 2;
    %replicate 2;
    %store/vec4 v0x55fa4a1f67d0_0, 0, 32;
    %jmp T_1.7;
T_1.2 ;
    %load/vec4 v0x55fa4a1f6610_0;
    %parti/s 8, 0, 2;
    %replicate 4;
    %store/vec4 v0x55fa4a1f67d0_0, 0, 32;
    %jmp T_1.7;
T_1.3 ;
    %load/vec4 v0x55fa4a1f6610_0;
    %parti/s 4, 0, 2;
    %replicate 8;
    %store/vec4 v0x55fa4a1f67d0_0, 0, 32;
    %jmp T_1.7;
T_1.4 ;
    %load/vec4 v0x55fa4a1f6610_0;
    %parti/s 2, 0, 2;
    %replicate 16;
    %store/vec4 v0x55fa4a1f67d0_0, 0, 32;
    %jmp T_1.7;
T_1.5 ;
    %load/vec4 v0x55fa4a1f6610_0;
    %parti/s 1, 0, 2;
    %replicate 32;
    %store/vec4 v0x55fa4a1f67d0_0, 0, 32;
    %jmp T_1.7;
T_1.7 ;
    %pop/vec4 1;
    %jmp T_1;
    .thread T_1, $push;
    .scope S_0x55fa4a1f68f0;
T_2 ;
    %wait E_0x55fa4a154950;
    %load/vec4 v0x55fa4a1f6b00_0;
    %parti/s 16, 16, 6;
    %ix/load 4, 16, 0;
    %flag_set/imm 4, 0;
    %store/vec4 v0x55fa4a1f7850_0, 4, 16;
    %load/vec4 v0x55fa4a1f73b0_0;
    %load/vec4 v0x55fa4a1f7180_0;
    %parti/s 1, 0, 2;
    %and;
    %flag_set/vec4 8;
    %jmp/0xz  T_2.0, 8;
    %load/vec4 v0x55fa4a1f6b00_0;
    %parti/s 8, 24, 6;
    %ix/load 4, 8, 0;
    %flag_set/imm 4, 0;
    %store/vec4 v0x55fa4a1f7850_0, 4, 8;
    %jmp T_2.1;
T_2.0 ;
    %load/vec4 v0x55fa4a1f6b00_0;
    %parti/s 8, 8, 5;
    %ix/load 4, 8, 0;
    %flag_set/imm 4, 0;
    %store/vec4 v0x55fa4a1f7850_0, 4, 8;
T_2.1 ;
    %load/vec4 v0x55fa4a1f73b0_0;
    %load/vec4 v0x55fa4a1f7180_0;
    %parti/s 1, 0, 2;
    %and;
    %flag_set/vec4 8;
    %jmp/0xz  T_2.2, 8;
    %load/vec4 v0x55fa4a1f6b00_0;
    %parti/s 4, 20, 6;
    %ix/load 4, 4, 0;
    %flag_set/imm 4, 0;
    %store/vec4 v0x55fa4a1f7850_0, 4, 4;
    %jmp T_2.3;
T_2.2 ;
    %load/vec4 v0x55fa4a1f76b0_0;
    %flag_set/vec4 8;
    %jmp/0xz  T_2.4, 8;
    %load/vec4 v0x55fa4a1f7180_0;
    %parti/s 2, 0, 2;
    %dup/vec4;
    %pushi/vec4 1, 0, 2;
    %cmp/u;
    %jmp/1 T_2.6, 6;
    %dup/vec4;
    %pushi/vec4 2, 0, 2;
    %cmp/u;
    %jmp/1 T_2.7, 6;
    %dup/vec4;
    %pushi/vec4 3, 0, 2;
    %cmp/u;
    %jmp/1 T_2.8, 6;
    %jmp T_2.9;
T_2.6 ;
    %load/vec4 v0x55fa4a1f6b00_0;
    %parti/s 4, 12, 5;
    %ix/load 4, 4, 0;
    %flag_set/imm 4, 0;
    %store/vec4 v0x55fa4a1f7850_0, 4, 4;
    %jmp T_2.9;
T_2.7 ;
    %load/vec4 v0x55fa4a1f6b00_0;
    %parti/s 4, 20, 6;
    %ix/load 4, 4, 0;
    %flag_set/imm 4, 0;
    %store/vec4 v0x55fa4a1f7850_0, 4, 4;
    %jmp T_2.9;
T_2.8 ;
    %load/vec4 v0x55fa4a1f6b00_0;
    %parti/s 4, 28, 6;
    %ix/load 4, 4, 0;
    %flag_set/imm 4, 0;
    %store/vec4 v0x55fa4a1f7850_0, 4, 4;
    %jmp T_2.9;
T_2.9 ;
    %pop/vec4 1;
    %jmp T_2.5;
T_2.4 ;
    %load/vec4 v0x55fa4a1f6b00_0;
    %parti/s 4, 4, 4;
    %ix/load 4, 4, 0;
    %flag_set/imm 4, 0;
    %store/vec4 v0x55fa4a1f7850_0, 4, 4;
T_2.5 ;
T_2.3 ;
    %load/vec4 v0x55fa4a1f73b0_0;
    %load/vec4 v0x55fa4a1f7180_0;
    %parti/s 1, 0, 2;
    %and;
    %flag_set/vec4 8;
    %jmp/0xz  T_2.10, 8;
    %load/vec4 v0x55fa4a1f6b00_0;
    %parti/s 2, 18, 6;
    %ix/load 4, 2, 0;
    %flag_set/imm 4, 0;
    %store/vec4 v0x55fa4a1f7850_0, 4, 2;
    %jmp T_2.11;
T_2.10 ;
    %load/vec4 v0x55fa4a1f76b0_0;
    %flag_set/vec4 8;
    %jmp/0xz  T_2.12, 8;
    %load/vec4 v0x55fa4a1f7180_0;
    %parti/s 2, 0, 2;
    %dup/vec4;
    %pushi/vec4 1, 0, 2;
    %cmp/u;
    %jmp/1 T_2.14, 6;
    %dup/vec4;
    %pushi/vec4 2, 0, 2;
    %cmp/u;
    %jmp/1 T_2.15, 6;
    %dup/vec4;
    %pushi/vec4 3, 0, 2;
    %cmp/u;
    %jmp/1 T_2.16, 6;
    %jmp T_2.17;
T_2.14 ;
    %load/vec4 v0x55fa4a1f6b00_0;
    %parti/s 2, 10, 5;
    %ix/load 4, 2, 0;
    %flag_set/imm 4, 0;
    %store/vec4 v0x55fa4a1f7850_0, 4, 2;
    %jmp T_2.17;
T_2.15 ;
    %load/vec4 v0x55fa4a1f6b00_0;
    %parti/s 2, 18, 6;
    %ix/load 4, 2, 0;
    %flag_set/imm 4, 0;
    %store/vec4 v0x55fa4a1f7850_0, 4, 2;
    %jmp T_2.17;
T_2.16 ;
    %load/vec4 v0x55fa4a1f6b00_0;
    %parti/s 2, 26, 6;
    %ix/load 4, 2, 0;
    %flag_set/imm 4, 0;
    %store/vec4 v0x55fa4a1f7850_0, 4, 2;
    %jmp T_2.17;
T_2.17 ;
    %pop/vec4 1;
    %jmp T_2.13;
T_2.12 ;
    %load/vec4 v0x55fa4a1f75f0_0;
    %flag_set/vec4 8;
    %jmp/0xz  T_2.18, 8;
    %load/vec4 v0x55fa4a1f7180_0;
    %parti/s 3, 0, 2;
    %dup/vec4;
    %pushi/vec4 1, 0, 3;
    %cmp/u;
    %jmp/1 T_2.20, 6;
    %dup/vec4;
    %pushi/vec4 2, 0, 3;
    %cmp/u;
    %jmp/1 T_2.21, 6;
    %dup/vec4;
    %pushi/vec4 3, 0, 3;
    %cmp/u;
    %jmp/1 T_2.22, 6;
    %dup/vec4;
    %pushi/vec4 4, 0, 3;
    %cmp/u;
    %jmp/1 T_2.23, 6;
    %dup/vec4;
    %pushi/vec4 5, 0, 3;
    %cmp/u;
    %jmp/1 T_2.24, 6;
    %dup/vec4;
    %pushi/vec4 6, 0, 3;
    %cmp/u;
    %jmp/1 T_2.25, 6;
    %dup/vec4;
    %pushi/vec4 7, 0, 3;
    %cmp/u;
    %jmp/1 T_2.26, 6;
    %jmp T_2.27;
T_2.20 ;
    %load/vec4 v0x55fa4a1f6b00_0;
    %parti/s 2, 6, 4;
    %ix/load 4, 2, 0;
    %flag_set/imm 4, 0;
    %store/vec4 v0x55fa4a1f7850_0, 4, 2;
    %jmp T_2.27;
T_2.21 ;
    %load/vec4 v0x55fa4a1f6b00_0;
    %parti/s 2, 10, 5;
    %ix/load 4, 2, 0;
    %flag_set/imm 4, 0;
    %store/vec4 v0x55fa4a1f7850_0, 4, 2;
    %jmp T_2.27;
T_2.22 ;
    %load/vec4 v0x55fa4a1f6b00_0;
    %parti/s 2, 14, 5;
    %ix/load 4, 2, 0;
    %flag_set/imm 4, 0;
    %store/vec4 v0x55fa4a1f7850_0, 4, 2;
    %jmp T_2.27;
T_2.23 ;
    %load/vec4 v0x55fa4a1f6b00_0;
    %parti/s 2, 18, 6;
    %ix/load 4, 2, 0;
    %flag_set/imm 4, 0;
    %store/vec4 v0x55fa4a1f7850_0, 4, 2;
    %jmp T_2.27;
T_2.24 ;
    %load/vec4 v0x55fa4a1f6b00_0;
    %parti/s 2, 22, 6;
    %ix/load 4, 2, 0;
    %flag_set/imm 4, 0;
    %store/vec4 v0x55fa4a1f7850_0, 4, 2;
    %jmp T_2.27;
T_2.25 ;
    %load/vec4 v0x55fa4a1f6b00_0;
    %parti/s 2, 26, 6;
    %ix/load 4, 2, 0;
    %flag_set/imm 4, 0;
    %store/vec4 v0x55fa4a1f7850_0, 4, 2;
    %jmp T_2.27;
T_2.26 ;
    %load/vec4 v0x55fa4a1f6b00_0;
    %parti/s 2, 30, 6;
    %ix/load 4, 2, 0;
    %flag_set/imm 4, 0;
    %store/vec4 v0x55fa4a1f7850_0, 4, 2;
    %jmp T_2.27;
T_2.27 ;
    %pop/vec4 1;
    %jmp T_2.19;
T_2.18 ;
    %load/vec4 v0x55fa4a1f6b00_0;
    %parti/s 2, 2, 3;
    %ix/load 4, 2, 0;
    %flag_set/imm 4, 0;
    %store/vec4 v0x55fa4a1f7850_0, 4, 2;
T_2.19 ;
T_2.13 ;
T_2.11 ;
    %load/vec4 v0x55fa4a1f73b0_0;
    %load/vec4 v0x55fa4a1f7180_0;
    %parti/s 1, 0, 2;
    %and;
    %flag_set/vec4 8;
    %jmp/0xz  T_2.28, 8;
    %load/vec4 v0x55fa4a1f6b00_0;
    %parti/s 1, 17, 6;
    %ix/load 4, 1, 0;
    %flag_set/imm 4, 0;
    %store/vec4 v0x55fa4a1f7850_0, 4, 1;
    %jmp T_2.29;
T_2.28 ;
    %load/vec4 v0x55fa4a1f76b0_0;
    %flag_set/vec4 8;
    %jmp/0xz  T_2.30, 8;
    %load/vec4 v0x55fa4a1f7180_0;
    %parti/s 2, 0, 2;
    %dup/vec4;
    %pushi/vec4 1, 0, 2;
    %cmp/u;
    %jmp/1 T_2.32, 6;
    %dup/vec4;
    %pushi/vec4 2, 0, 2;
    %cmp/u;
    %jmp/1 T_2.33, 6;
    %dup/vec4;
    %pushi/vec4 3, 0, 2;
    %cmp/u;
    %jmp/1 T_2.34, 6;
    %jmp T_2.35;
T_2.32 ;
    %load/vec4 v0x55fa4a1f6b00_0;
    %parti/s 1, 9, 5;
    %ix/load 4, 1, 0;
    %flag_set/imm 4, 0;
    %store/vec4 v0x55fa4a1f7850_0, 4, 1;
    %jmp T_2.35;
T_2.33 ;
    %load/vec4 v0x55fa4a1f6b00_0;
    %parti/s 1, 17, 6;
    %ix/load 4, 1, 0;
    %flag_set/imm 4, 0;
    %store/vec4 v0x55fa4a1f7850_0, 4, 1;
    %jmp T_2.35;
T_2.34 ;
    %load/vec4 v0x55fa4a1f6b00_0;
    %parti/s 1, 25, 6;
    %ix/load 4, 1, 0;
    %flag_set/imm 4, 0;
    %store/vec4 v0x55fa4a1f7850_0, 4, 1;
    %jmp T_2.35;
T_2.35 ;
    %pop/vec4 1;
    %jmp T_2.31;
T_2.30 ;
    %load/vec4 v0x55fa4a1f75f0_0;
    %flag_set/vec4 8;
    %jmp/0xz  T_2.36, 8;
    %load/vec4 v0x55fa4a1f7180_0;
    %parti/s 3, 0, 2;
    %dup/vec4;
    %pushi/vec4 1, 0, 3;
    %cmp/u;
    %jmp/1 T_2.38, 6;
    %dup/vec4;
    %pushi/vec4 2, 0, 3;
    %cmp/u;
    %jmp/1 T_2.39, 6;
    %dup/vec4;
    %pushi/vec4 3, 0, 3;
    %cmp/u;
    %jmp/1 T_2.40, 6;
    %dup/vec4;
    %pushi/vec4 4, 0, 3;
    %cmp/u;
    %jmp/1 T_2.41, 6;
    %dup/vec4;
    %pushi/vec4 5, 0, 3;
    %cmp/u;
    %jmp/1 T_2.42, 6;
    %dup/vec4;
    %pushi/vec4 6, 0, 3;
    %cmp/u;
    %jmp/1 T_2.43, 6;
    %dup/vec4;
    %pushi/vec4 7, 0, 3;
    %cmp/u;
    %jmp/1 T_2.44, 6;
    %jmp T_2.45;
T_2.38 ;
    %load/vec4 v0x55fa4a1f6b00_0;
    %parti/s 1, 5, 4;
    %ix/load 4, 1, 0;
    %flag_set/imm 4, 0;
    %store/vec4 v0x55fa4a1f7850_0, 4, 1;
    %jmp T_2.45;
T_2.39 ;
    %load/vec4 v0x55fa4a1f6b00_0;
    %parti/s 1, 9, 5;
    %ix/load 4, 1, 0;
    %flag_set/imm 4, 0;
    %store/vec4 v0x55fa4a1f7850_0, 4, 1;
    %jmp T_2.45;
T_2.40 ;
    %load/vec4 v0x55fa4a1f6b00_0;
    %parti/s 1, 13, 5;
    %ix/load 4, 1, 0;
    %flag_set/imm 4, 0;
    %store/vec4 v0x55fa4a1f7850_0, 4, 1;
    %jmp T_2.45;
T_2.41 ;
    %load/vec4 v0x55fa4a1f6b00_0;
    %parti/s 1, 17, 6;
    %ix/load 4, 1, 0;
    %flag_set/imm 4, 0;
    %store/vec4 v0x55fa4a1f7850_0, 4, 1;
    %jmp T_2.45;
T_2.42 ;
    %load/vec4 v0x55fa4a1f6b00_0;
    %parti/s 1, 21, 6;
    %ix/load 4, 1, 0;
    %flag_set/imm 4, 0;
    %store/vec4 v0x55fa4a1f7850_0, 4, 1;
    %jmp T_2.45;
T_2.43 ;
    %load/vec4 v0x55fa4a1f6b00_0;
    %parti/s 1, 25, 6;
    %ix/load 4, 1, 0;
    %flag_set/imm 4, 0;
    %store/vec4 v0x55fa4a1f7850_0, 4, 1;
    %jmp T_2.45;
T_2.44 ;
    %load/vec4 v0x55fa4a1f6b00_0;
    %parti/s 1, 29, 6;
    %ix/load 4, 1, 0;
    %flag_set/imm 4, 0;
    %store/vec4 v0x55fa4a1f7850_0, 4, 1;
    %jmp T_2.45;
T_2.45 ;
    %pop/vec4 1;
    %jmp T_2.37;
T_2.36 ;
    %load/vec4 v0x55fa4a1f7470_0;
    %flag_set/vec4 8;
    %jmp/0xz  T_2.46, 8;
    %load/vec4 v0x55fa4a1f7180_0;
    %parti/s 4, 0, 2;
    %dup/vec4;
    %pushi/vec4 1, 0, 4;
    %cmp/u;
    %jmp/1 T_2.48, 6;
    %dup/vec4;
    %pushi/vec4 2, 0, 4;
    %cmp/u;
    %jmp/1 T_2.49, 6;
    %dup/vec4;
    %pushi/vec4 3, 0, 4;
    %cmp/u;
    %jmp/1 T_2.50, 6;
    %dup/vec4;
    %pushi/vec4 4, 0, 4;
    %cmp/u;
    %jmp/1 T_2.51, 6;
    %dup/vec4;
    %pushi/vec4 5, 0, 4;
    %cmp/u;
    %jmp/1 T_2.52, 6;
    %dup/vec4;
    %pushi/vec4 6, 0, 4;
    %cmp/u;
    %jmp/1 T_2.53, 6;
    %dup/vec4;
    %pushi/vec4 7, 0, 4;
    %cmp/u;
    %jmp/1 T_2.54, 6;
    %dup/vec4;
    %pushi/vec4 8, 0, 4;
    %cmp/u;
    %jmp/1 T_2.55, 6;
    %dup/vec4;
    %pushi/vec4 9, 0, 4;
    %cmp/u;
    %jmp/1 T_2.56, 6;
    %dup/vec4;
    %pushi/vec4 10, 0, 4;
    %cmp/u;
    %jmp/1 T_2.57, 6;
    %dup/vec4;
    %pushi/vec4 11, 0, 4;
    %cmp/u;
    %jmp/1 T_2.58, 6;
    %dup/vec4;
    %pushi/vec4 12, 0, 4;
    %cmp/u;
    %jmp/1 T_2.59, 6;
    %dup/vec4;
    %pushi/vec4 13, 0, 4;
    %cmp/u;
    %jmp/1 T_2.60, 6;
    %dup/vec4;
    %pushi/vec4 14, 0, 4;
    %cmp/u;
    %jmp/1 T_2.61, 6;
    %dup/vec4;
    %pushi/vec4 15, 0, 4;
    %cmp/u;
    %jmp/1 T_2.62, 6;
    %jmp T_2.63;
T_2.48 ;
    %load/vec4 v0x55fa4a1f6b00_0;
    %parti/s 1, 3, 3;
    %ix/load 4, 1, 0;
    %flag_set/imm 4, 0;
    %store/vec4 v0x55fa4a1f7850_0, 4, 1;
    %jmp T_2.63;
T_2.49 ;
    %load/vec4 v0x55fa4a1f6b00_0;
    %parti/s 1, 5, 4;
    %ix/load 4, 1, 0;
    %flag_set/imm 4, 0;
    %store/vec4 v0x55fa4a1f7850_0, 4, 1;
    %jmp T_2.63;
T_2.50 ;
    %load/vec4 v0x55fa4a1f6b00_0;
    %parti/s 1, 7, 4;
    %ix/load 4, 1, 0;
    %flag_set/imm 4, 0;
    %store/vec4 v0x55fa4a1f7850_0, 4, 1;
    %jmp T_2.63;
T_2.51 ;
    %load/vec4 v0x55fa4a1f6b00_0;
    %parti/s 1, 9, 5;
    %ix/load 4, 1, 0;
    %flag_set/imm 4, 0;
    %store/vec4 v0x55fa4a1f7850_0, 4, 1;
    %jmp T_2.63;
T_2.52 ;
    %load/vec4 v0x55fa4a1f6b00_0;
    %parti/s 1, 11, 5;
    %ix/load 4, 1, 0;
    %flag_set/imm 4, 0;
    %store/vec4 v0x55fa4a1f7850_0, 4, 1;
    %jmp T_2.63;
T_2.53 ;
    %load/vec4 v0x55fa4a1f6b00_0;
    %parti/s 1, 13, 5;
    %ix/load 4, 1, 0;
    %flag_set/imm 4, 0;
    %store/vec4 v0x55fa4a1f7850_0, 4, 1;
    %jmp T_2.63;
T_2.54 ;
    %load/vec4 v0x55fa4a1f6b00_0;
    %parti/s 1, 15, 5;
    %ix/load 4, 1, 0;
    %flag_set/imm 4, 0;
    %store/vec4 v0x55fa4a1f7850_0, 4, 1;
    %jmp T_2.63;
T_2.55 ;
    %load/vec4 v0x55fa4a1f6b00_0;
    %parti/s 1, 17, 6;
    %ix/load 4, 1, 0;
    %flag_set/imm 4, 0;
    %store/vec4 v0x55fa4a1f7850_0, 4, 1;
    %jmp T_2.63;
T_2.56 ;
    %load/vec4 v0x55fa4a1f6b00_0;
    %parti/s 1, 19, 6;
    %ix/load 4, 1, 0;
    %flag_set/imm 4, 0;
    %store/vec4 v0x55fa4a1f7850_0, 4, 1;
    %jmp T_2.63;
T_2.57 ;
    %load/vec4 v0x55fa4a1f6b00_0;
    %parti/s 1, 21, 6;
    %ix/load 4, 1, 0;
    %flag_set/imm 4, 0;
    %store/vec4 v0x55fa4a1f7850_0, 4, 1;
    %jmp T_2.63;
T_2.58 ;
    %load/vec4 v0x55fa4a1f6b00_0;
    %parti/s 1, 23, 6;
    %ix/load 4, 1, 0;
    %flag_set/imm 4, 0;
    %store/vec4 v0x55fa4a1f7850_0, 4, 1;
    %jmp T_2.63;
T_2.59 ;
    %load/vec4 v0x55fa4a1f6b00_0;
    %parti/s 1, 25, 6;
    %ix/load 4, 1, 0;
    %flag_set/imm 4, 0;
    %store/vec4 v0x55fa4a1f7850_0, 4, 1;
    %jmp T_2.63;
T_2.60 ;
    %load/vec4 v0x55fa4a1f6b00_0;
    %parti/s 1, 27, 6;
    %ix/load 4, 1, 0;
    %flag_set/imm 4, 0;
    %store/vec4 v0x55fa4a1f7850_0, 4, 1;
    %jmp T_2.63;
T_2.61 ;
    %load/vec4 v0x55fa4a1f6b00_0;
    %parti/s 1, 29, 6;
    %ix/load 4, 1, 0;
    %flag_set/imm 4, 0;
    %store/vec4 v0x55fa4a1f7850_0, 4, 1;
    %jmp T_2.63;
T_2.62 ;
    %load/vec4 v0x55fa4a1f6b00_0;
    %parti/s 1, 31, 6;
    %ix/load 4, 1, 0;
    %flag_set/imm 4, 0;
    %store/vec4 v0x55fa4a1f7850_0, 4, 1;
    %jmp T_2.63;
T_2.63 ;
    %pop/vec4 1;
    %jmp T_2.47;
T_2.46 ;
    %load/vec4 v0x55fa4a1f6b00_0;
    %parti/s 1, 1, 2;
    %ix/load 4, 1, 0;
    %flag_set/imm 4, 0;
    %store/vec4 v0x55fa4a1f7850_0, 4, 1;
T_2.47 ;
T_2.37 ;
T_2.31 ;
T_2.29 ;
    %load/vec4 v0x55fa4a1f73b0_0;
    %load/vec4 v0x55fa4a1f7180_0;
    %parti/s 1, 0, 2;
    %and;
    %flag_set/vec4 8;
    %jmp/0xz  T_2.64, 8;
    %load/vec4 v0x55fa4a1f6b00_0;
    %parti/s 1, 17, 6;
    %ix/load 4, 0, 0;
    %flag_set/imm 4, 0;
    %store/vec4 v0x55fa4a1f7850_0, 4, 1;
    %jmp T_2.65;
T_2.64 ;
    %load/vec4 v0x55fa4a1f76b0_0;
    %flag_set/vec4 8;
    %jmp/0xz  T_2.66, 8;
    %load/vec4 v0x55fa4a1f7180_0;
    %parti/s 2, 0, 2;
    %dup/vec4;
    %pushi/vec4 1, 0, 2;
    %cmp/u;
    %jmp/1 T_2.68, 6;
    %dup/vec4;
    %pushi/vec4 2, 0, 2;
    %cmp/u;
    %jmp/1 T_2.69, 6;
    %dup/vec4;
    %pushi/vec4 3, 0, 2;
    %cmp/u;
    %jmp/1 T_2.70, 6;
    %jmp T_2.71;
T_2.68 ;
    %load/vec4 v0x55fa4a1f6b00_0;
    %parti/s 1, 8, 5;
    %ix/load 4, 0, 0;
    %flag_set/imm 4, 0;
    %store/vec4 v0x55fa4a1f7850_0, 4, 1;
    %jmp T_2.71;
T_2.69 ;
    %load/vec4 v0x55fa4a1f6b00_0;
    %parti/s 1, 16, 6;
    %ix/load 4, 0, 0;
    %flag_set/imm 4, 0;
    %store/vec4 v0x55fa4a1f7850_0, 4, 1;
    %jmp T_2.71;
T_2.70 ;
    %load/vec4 v0x55fa4a1f6b00_0;
    %parti/s 1, 24, 6;
    %ix/load 4, 0, 0;
    %flag_set/imm 4, 0;
    %store/vec4 v0x55fa4a1f7850_0, 4, 1;
    %jmp T_2.71;
T_2.71 ;
    %pop/vec4 1;
    %jmp T_2.67;
T_2.66 ;
    %load/vec4 v0x55fa4a1f75f0_0;
    %flag_set/vec4 8;
    %jmp/0xz  T_2.72, 8;
    %load/vec4 v0x55fa4a1f7180_0;
    %parti/s 3, 0, 2;
    %dup/vec4;
    %pushi/vec4 1, 0, 3;
    %cmp/u;
    %jmp/1 T_2.74, 6;
    %dup/vec4;
    %pushi/vec4 2, 0, 3;
    %cmp/u;
    %jmp/1 T_2.75, 6;
    %dup/vec4;
    %pushi/vec4 3, 0, 3;
    %cmp/u;
    %jmp/1 T_2.76, 6;
    %dup/vec4;
    %pushi/vec4 4, 0, 3;
    %cmp/u;
    %jmp/1 T_2.77, 6;
    %dup/vec4;
    %pushi/vec4 5, 0, 3;
    %cmp/u;
    %jmp/1 T_2.78, 6;
    %dup/vec4;
    %pushi/vec4 6, 0, 3;
    %cmp/u;
    %jmp/1 T_2.79, 6;
    %dup/vec4;
    %pushi/vec4 7, 0, 3;
    %cmp/u;
    %jmp/1 T_2.80, 6;
    %jmp T_2.81;
T_2.74 ;
    %load/vec4 v0x55fa4a1f6b00_0;
    %parti/s 1, 4, 4;
    %ix/load 4, 0, 0;
    %flag_set/imm 4, 0;
    %store/vec4 v0x55fa4a1f7850_0, 4, 1;
    %jmp T_2.81;
T_2.75 ;
    %load/vec4 v0x55fa4a1f6b00_0;
    %parti/s 1, 8, 5;
    %ix/load 4, 0, 0;
    %flag_set/imm 4, 0;
    %store/vec4 v0x55fa4a1f7850_0, 4, 1;
    %jmp T_2.81;
T_2.76 ;
    %load/vec4 v0x55fa4a1f6b00_0;
    %parti/s 1, 12, 5;
    %ix/load 4, 0, 0;
    %flag_set/imm 4, 0;
    %store/vec4 v0x55fa4a1f7850_0, 4, 1;
    %jmp T_2.81;
T_2.77 ;
    %load/vec4 v0x55fa4a1f6b00_0;
    %parti/s 1, 16, 6;
    %ix/load 4, 0, 0;
    %flag_set/imm 4, 0;
    %store/vec4 v0x55fa4a1f7850_0, 4, 1;
    %jmp T_2.81;
T_2.78 ;
    %load/vec4 v0x55fa4a1f6b00_0;
    %parti/s 1, 20, 6;
    %ix/load 4, 0, 0;
    %flag_set/imm 4, 0;
    %store/vec4 v0x55fa4a1f7850_0, 4, 1;
    %jmp T_2.81;
T_2.79 ;
    %load/vec4 v0x55fa4a1f6b00_0;
    %parti/s 1, 24, 6;
    %ix/load 4, 0, 0;
    %flag_set/imm 4, 0;
    %store/vec4 v0x55fa4a1f7850_0, 4, 1;
    %jmp T_2.81;
T_2.80 ;
    %load/vec4 v0x55fa4a1f6b00_0;
    %parti/s 1, 28, 6;
    %ix/load 4, 0, 0;
    %flag_set/imm 4, 0;
    %store/vec4 v0x55fa4a1f7850_0, 4, 1;
    %jmp T_2.81;
T_2.81 ;
    %pop/vec4 1;
    %jmp T_2.73;
T_2.72 ;
    %load/vec4 v0x55fa4a1f7470_0;
    %flag_set/vec4 8;
    %jmp/0xz  T_2.82, 8;
    %load/vec4 v0x55fa4a1f7180_0;
    %parti/s 4, 0, 2;
    %dup/vec4;
    %pushi/vec4 1, 0, 4;
    %cmp/u;
    %jmp/1 T_2.84, 6;
    %dup/vec4;
    %pushi/vec4 2, 0, 4;
    %cmp/u;
    %jmp/1 T_2.85, 6;
    %dup/vec4;
    %pushi/vec4 3, 0, 4;
    %cmp/u;
    %jmp/1 T_2.86, 6;
    %dup/vec4;
    %pushi/vec4 4, 0, 4;
    %cmp/u;
    %jmp/1 T_2.87, 6;
    %dup/vec4;
    %pushi/vec4 5, 0, 4;
    %cmp/u;
    %jmp/1 T_2.88, 6;
    %dup/vec4;
    %pushi/vec4 6, 0, 4;
    %cmp/u;
    %jmp/1 T_2.89, 6;
    %dup/vec4;
    %pushi/vec4 7, 0, 4;
    %cmp/u;
    %jmp/1 T_2.90, 6;
    %dup/vec4;
    %pushi/vec4 8, 0, 4;
    %cmp/u;
    %jmp/1 T_2.91, 6;
    %dup/vec4;
    %pushi/vec4 9, 0, 4;
    %cmp/u;
    %jmp/1 T_2.92, 6;
    %dup/vec4;
    %pushi/vec4 10, 0, 4;
    %cmp/u;
    %jmp/1 T_2.93, 6;
    %dup/vec4;
    %pushi/vec4 11, 0, 4;
    %cmp/u;
    %jmp/1 T_2.94, 6;
    %dup/vec4;
    %pushi/vec4 12, 0, 4;
    %cmp/u;
    %jmp/1 T_2.95, 6;
    %dup/vec4;
    %pushi/vec4 13, 0, 4;
    %cmp/u;
    %jmp/1 T_2.96, 6;
    %dup/vec4;
    %pushi/vec4 14, 0, 4;
    %cmp/u;
    %jmp/1 T_2.97, 6;
    %dup/vec4;
    %pushi/vec4 15, 0, 4;
    %cmp/u;
    %jmp/1 T_2.98, 6;
    %jmp T_2.99;
T_2.84 ;
    %load/vec4 v0x55fa4a1f6b00_0;
    %parti/s 1, 2, 3;
    %ix/load 4, 0, 0;
    %flag_set/imm 4, 0;
    %store/vec4 v0x55fa4a1f7850_0, 4, 1;
    %jmp T_2.99;
T_2.85 ;
    %load/vec4 v0x55fa4a1f6b00_0;
    %parti/s 1, 4, 4;
    %ix/load 4, 0, 0;
    %flag_set/imm 4, 0;
    %store/vec4 v0x55fa4a1f7850_0, 4, 1;
    %jmp T_2.99;
T_2.86 ;
    %load/vec4 v0x55fa4a1f6b00_0;
    %parti/s 1, 6, 4;
    %ix/load 4, 0, 0;
    %flag_set/imm 4, 0;
    %store/vec4 v0x55fa4a1f7850_0, 4, 1;
    %jmp T_2.99;
T_2.87 ;
    %load/vec4 v0x55fa4a1f6b00_0;
    %parti/s 1, 8, 5;
    %ix/load 4, 0, 0;
    %flag_set/imm 4, 0;
    %store/vec4 v0x55fa4a1f7850_0, 4, 1;
    %jmp T_2.99;
T_2.88 ;
    %load/vec4 v0x55fa4a1f6b00_0;
    %parti/s 1, 10, 5;
    %ix/load 4, 0, 0;
    %flag_set/imm 4, 0;
    %store/vec4 v0x55fa4a1f7850_0, 4, 1;
    %jmp T_2.99;
T_2.89 ;
    %load/vec4 v0x55fa4a1f6b00_0;
    %parti/s 1, 12, 5;
    %ix/load 4, 0, 0;
    %flag_set/imm 4, 0;
    %store/vec4 v0x55fa4a1f7850_0, 4, 1;
    %jmp T_2.99;
T_2.90 ;
    %load/vec4 v0x55fa4a1f6b00_0;
    %parti/s 1, 14, 5;
    %ix/load 4, 0, 0;
    %flag_set/imm 4, 0;
    %store/vec4 v0x55fa4a1f7850_0, 4, 1;
    %jmp T_2.99;
T_2.91 ;
    %load/vec4 v0x55fa4a1f6b00_0;
    %parti/s 1, 16, 6;
    %ix/load 4, 0, 0;
    %flag_set/imm 4, 0;
    %store/vec4 v0x55fa4a1f7850_0, 4, 1;
    %jmp T_2.99;
T_2.92 ;
    %load/vec4 v0x55fa4a1f6b00_0;
    %parti/s 1, 18, 6;
    %ix/load 4, 0, 0;
    %flag_set/imm 4, 0;
    %store/vec4 v0x55fa4a1f7850_0, 4, 1;
    %jmp T_2.99;
T_2.93 ;
    %load/vec4 v0x55fa4a1f6b00_0;
    %parti/s 1, 20, 6;
    %ix/load 4, 0, 0;
    %flag_set/imm 4, 0;
    %store/vec4 v0x55fa4a1f7850_0, 4, 1;
    %jmp T_2.99;
T_2.94 ;
    %load/vec4 v0x55fa4a1f6b00_0;
    %parti/s 1, 22, 6;
    %ix/load 4, 0, 0;
    %flag_set/imm 4, 0;
    %store/vec4 v0x55fa4a1f7850_0, 4, 1;
    %jmp T_2.99;
T_2.95 ;
    %load/vec4 v0x55fa4a1f6b00_0;
    %parti/s 1, 24, 6;
    %ix/load 4, 0, 0;
    %flag_set/imm 4, 0;
    %store/vec4 v0x55fa4a1f7850_0, 4, 1;
    %jmp T_2.99;
T_2.96 ;
    %load/vec4 v0x55fa4a1f6b00_0;
    %parti/s 1, 26, 6;
    %ix/load 4, 0, 0;
    %flag_set/imm 4, 0;
    %store/vec4 v0x55fa4a1f7850_0, 4, 1;
    %jmp T_2.99;
T_2.97 ;
    %load/vec4 v0x55fa4a1f6b00_0;
    %parti/s 1, 28, 6;
    %ix/load 4, 0, 0;
    %flag_set/imm 4, 0;
    %store/vec4 v0x55fa4a1f7850_0, 4, 1;
    %jmp T_2.99;
T_2.98 ;
    %load/vec4 v0x55fa4a1f6b00_0;
    %parti/s 1, 30, 6;
    %ix/load 4, 0, 0;
    %flag_set/imm 4, 0;
    %store/vec4 v0x55fa4a1f7850_0, 4, 1;
    %jmp T_2.99;
T_2.99 ;
    %pop/vec4 1;
    %jmp T_2.83;
T_2.82 ;
    %load/vec4 v0x55fa4a1f7260_0;
    %flag_set/vec4 8;
    %jmp/0xz  T_2.100, 8;
    %load/vec4 v0x55fa4a1f7180_0;
    %dup/vec4;
    %pushi/vec4 1, 0, 5;
    %cmp/u;
    %jmp/1 T_2.102, 6;
    %dup/vec4;
    %pushi/vec4 2, 0, 5;
    %cmp/u;
    %jmp/1 T_2.103, 6;
    %dup/vec4;
    %pushi/vec4 3, 0, 5;
    %cmp/u;
    %jmp/1 T_2.104, 6;
    %dup/vec4;
    %pushi/vec4 4, 0, 5;
    %cmp/u;
    %jmp/1 T_2.105, 6;
    %dup/vec4;
    %pushi/vec4 5, 0, 5;
    %cmp/u;
    %jmp/1 T_2.106, 6;
    %dup/vec4;
    %pushi/vec4 6, 0, 5;
    %cmp/u;
    %jmp/1 T_2.107, 6;
    %dup/vec4;
    %pushi/vec4 7, 0, 5;
    %cmp/u;
    %jmp/1 T_2.108, 6;
    %dup/vec4;
    %pushi/vec4 8, 0, 5;
    %cmp/u;
    %jmp/1 T_2.109, 6;
    %dup/vec4;
    %pushi/vec4 9, 0, 5;
    %cmp/u;
    %jmp/1 T_2.110, 6;
    %dup/vec4;
    %pushi/vec4 10, 0, 5;
    %cmp/u;
    %jmp/1 T_2.111, 6;
    %dup/vec4;
    %pushi/vec4 11, 0, 5;
    %cmp/u;
    %jmp/1 T_2.112, 6;
    %dup/vec4;
    %pushi/vec4 12, 0, 5;
    %cmp/u;
    %jmp/1 T_2.113, 6;
    %dup/vec4;
    %pushi/vec4 13, 0, 5;
    %cmp/u;
    %jmp/1 T_2.114, 6;
    %dup/vec4;
    %pushi/vec4 14, 0, 5;
    %cmp/u;
    %jmp/1 T_2.115, 6;
    %dup/vec4;
    %pushi/vec4 15, 0, 5;
    %cmp/u;
    %jmp/1 T_2.116, 6;
    %dup/vec4;
    %pushi/vec4 16, 0, 5;
    %cmp/u;
    %jmp/1 T_2.117, 6;
    %dup/vec4;
    %pushi/vec4 17, 0, 5;
    %cmp/u;
    %jmp/1 T_2.118, 6;
    %dup/vec4;
    %pushi/vec4 18, 0, 5;
    %cmp/u;
    %jmp/1 T_2.119, 6;
    %dup/vec4;
    %pushi/vec4 19, 0, 5;
    %cmp/u;
    %jmp/1 T_2.120, 6;
    %dup/vec4;
    %pushi/vec4 20, 0, 5;
    %cmp/u;
    %jmp/1 T_2.121, 6;
    %dup/vec4;
    %pushi/vec4 21, 0, 5;
    %cmp/u;
    %jmp/1 T_2.122, 6;
    %dup/vec4;
    %pushi/vec4 22, 0, 5;
    %cmp/u;
    %jmp/1 T_2.123, 6;
    %dup/vec4;
    %pushi/vec4 23, 0, 5;
    %cmp/u;
    %jmp/1 T_2.124, 6;
    %dup/vec4;
    %pushi/vec4 24, 0, 5;
    %cmp/u;
    %jmp/1 T_2.125, 6;
    %dup/vec4;
    %pushi/vec4 25, 0, 5;
    %cmp/u;
    %jmp/1 T_2.126, 6;
    %dup/vec4;
    %pushi/vec4 26, 0, 5;
    %cmp/u;
    %jmp/1 T_2.127, 6;
    %dup/vec4;
    %pushi/vec4 27, 0, 5;
    %cmp/u;
    %jmp/1 T_2.128, 6;
    %dup/vec4;
    %pushi/vec4 28, 0, 5;
    %cmp/u;
    %jmp/1 T_2.129, 6;
    %dup/vec4;
    %pushi/vec4 29, 0, 5;
    %cmp/u;
    %jmp/1 T_2.130, 6;
    %dup/vec4;
    %pushi/vec4 30, 0, 5;
    %cmp/u;
    %jmp/1 T_2.131, 6;
    %dup/vec4;
    %pushi/vec4 31, 0, 5;
    %cmp/u;
    %jmp/1 T_2.132, 6;
    %jmp T_2.133;
T_2.102 ;
    %load/vec4 v0x55fa4a1f6b00_0;
    %parti/s 1, 1, 2;
    %ix/load 4, 0, 0;
    %flag_set/imm 4, 0;
    %store/vec4 v0x55fa4a1f7850_0, 4, 1;
    %jmp T_2.133;
T_2.103 ;
    %load/vec4 v0x55fa4a1f6b00_0;
    %parti/s 1, 2, 3;
    %ix/load 4, 0, 0;
    %flag_set/imm 4, 0;
    %store/vec4 v0x55fa4a1f7850_0, 4, 1;
    %jmp T_2.133;
T_2.104 ;
    %load/vec4 v0x55fa4a1f6b00_0;
    %parti/s 1, 3, 3;
    %ix/load 4, 0, 0;
    %flag_set/imm 4, 0;
    %store/vec4 v0x55fa4a1f7850_0, 4, 1;
    %jmp T_2.133;
T_2.105 ;
    %load/vec4 v0x55fa4a1f6b00_0;
    %parti/s 1, 4, 4;
    %ix/load 4, 0, 0;
    %flag_set/imm 4, 0;
    %store/vec4 v0x55fa4a1f7850_0, 4, 1;
    %jmp T_2.133;
T_2.106 ;
    %load/vec4 v0x55fa4a1f6b00_0;
    %parti/s 1, 5, 4;
    %ix/load 4, 0, 0;
    %flag_set/imm 4, 0;
    %store/vec4 v0x55fa4a1f7850_0, 4, 1;
    %jmp T_2.133;
T_2.107 ;
    %load/vec4 v0x55fa4a1f6b00_0;
    %parti/s 1, 6, 4;
    %ix/load 4, 0, 0;
    %flag_set/imm 4, 0;
    %store/vec4 v0x55fa4a1f7850_0, 4, 1;
    %jmp T_2.133;
T_2.108 ;
    %load/vec4 v0x55fa4a1f6b00_0;
    %parti/s 1, 7, 4;
    %ix/load 4, 0, 0;
    %flag_set/imm 4, 0;
    %store/vec4 v0x55fa4a1f7850_0, 4, 1;
    %jmp T_2.133;
T_2.109 ;
    %load/vec4 v0x55fa4a1f6b00_0;
    %parti/s 1, 8, 5;
    %ix/load 4, 0, 0;
    %flag_set/imm 4, 0;
    %store/vec4 v0x55fa4a1f7850_0, 4, 1;
    %jmp T_2.133;
T_2.110 ;
    %load/vec4 v0x55fa4a1f6b00_0;
    %parti/s 1, 9, 5;
    %ix/load 4, 0, 0;
    %flag_set/imm 4, 0;
    %store/vec4 v0x55fa4a1f7850_0, 4, 1;
    %jmp T_2.133;
T_2.111 ;
    %load/vec4 v0x55fa4a1f6b00_0;
    %parti/s 1, 10, 5;
    %ix/load 4, 0, 0;
    %flag_set/imm 4, 0;
    %store/vec4 v0x55fa4a1f7850_0, 4, 1;
    %jmp T_2.133;
T_2.112 ;
    %load/vec4 v0x55fa4a1f6b00_0;
    %parti/s 1, 11, 5;
    %ix/load 4, 0, 0;
    %flag_set/imm 4, 0;
    %store/vec4 v0x55fa4a1f7850_0, 4, 1;
    %jmp T_2.133;
T_2.113 ;
    %load/vec4 v0x55fa4a1f6b00_0;
    %parti/s 1, 12, 5;
    %ix/load 4, 0, 0;
    %flag_set/imm 4, 0;
    %store/vec4 v0x55fa4a1f7850_0, 4, 1;
    %jmp T_2.133;
T_2.114 ;
    %load/vec4 v0x55fa4a1f6b00_0;
    %parti/s 1, 13, 5;
    %ix/load 4, 0, 0;
    %flag_set/imm 4, 0;
    %store/vec4 v0x55fa4a1f7850_0, 4, 1;
    %jmp T_2.133;
T_2.115 ;
    %load/vec4 v0x55fa4a1f6b00_0;
    %parti/s 1, 14, 5;
    %ix/load 4, 0, 0;
    %flag_set/imm 4, 0;
    %store/vec4 v0x55fa4a1f7850_0, 4, 1;
    %jmp T_2.133;
T_2.116 ;
    %load/vec4 v0x55fa4a1f6b00_0;
    %parti/s 1, 15, 5;
    %ix/load 4, 0, 0;
    %flag_set/imm 4, 0;
    %store/vec4 v0x55fa4a1f7850_0, 4, 1;
    %jmp T_2.133;
T_2.117 ;
    %load/vec4 v0x55fa4a1f6b00_0;
    %parti/s 1, 16, 6;
    %ix/load 4, 0, 0;
    %flag_set/imm 4, 0;
    %store/vec4 v0x55fa4a1f7850_0, 4, 1;
    %jmp T_2.133;
T_2.118 ;
    %load/vec4 v0x55fa4a1f6b00_0;
    %parti/s 1, 17, 6;
    %ix/load 4, 0, 0;
    %flag_set/imm 4, 0;
    %store/vec4 v0x55fa4a1f7850_0, 4, 1;
    %jmp T_2.133;
T_2.119 ;
    %load/vec4 v0x55fa4a1f6b00_0;
    %parti/s 1, 18, 6;
    %ix/load 4, 0, 0;
    %flag_set/imm 4, 0;
    %store/vec4 v0x55fa4a1f7850_0, 4, 1;
    %jmp T_2.133;
T_2.120 ;
    %load/vec4 v0x55fa4a1f6b00_0;
    %parti/s 1, 19, 6;
    %ix/load 4, 0, 0;
    %flag_set/imm 4, 0;
    %store/vec4 v0x55fa4a1f7850_0, 4, 1;
    %jmp T_2.133;
T_2.121 ;
    %load/vec4 v0x55fa4a1f6b00_0;
    %parti/s 1, 20, 6;
    %ix/load 4, 0, 0;
    %flag_set/imm 4, 0;
    %store/vec4 v0x55fa4a1f7850_0, 4, 1;
    %jmp T_2.133;
T_2.122 ;
    %load/vec4 v0x55fa4a1f6b00_0;
    %parti/s 1, 21, 6;
    %ix/load 4, 0, 0;
    %flag_set/imm 4, 0;
    %store/vec4 v0x55fa4a1f7850_0, 4, 1;
    %jmp T_2.133;
T_2.123 ;
    %load/vec4 v0x55fa4a1f6b00_0;
    %parti/s 1, 22, 6;
    %ix/load 4, 0, 0;
    %flag_set/imm 4, 0;
    %store/vec4 v0x55fa4a1f7850_0, 4, 1;
    %jmp T_2.133;
T_2.124 ;
    %load/vec4 v0x55fa4a1f6b00_0;
    %parti/s 1, 23, 6;
    %ix/load 4, 0, 0;
    %flag_set/imm 4, 0;
    %store/vec4 v0x55fa4a1f7850_0, 4, 1;
    %jmp T_2.133;
T_2.125 ;
    %load/vec4 v0x55fa4a1f6b00_0;
    %parti/s 1, 24, 6;
    %ix/load 4, 0, 0;
    %flag_set/imm 4, 0;
    %store/vec4 v0x55fa4a1f7850_0, 4, 1;
    %jmp T_2.133;
T_2.126 ;
    %load/vec4 v0x55fa4a1f6b00_0;
    %parti/s 1, 25, 6;
    %ix/load 4, 0, 0;
    %flag_set/imm 4, 0;
    %store/vec4 v0x55fa4a1f7850_0, 4, 1;
    %jmp T_2.133;
T_2.127 ;
    %load/vec4 v0x55fa4a1f6b00_0;
    %parti/s 1, 26, 6;
    %ix/load 4, 0, 0;
    %flag_set/imm 4, 0;
    %store/vec4 v0x55fa4a1f7850_0, 4, 1;
    %jmp T_2.133;
T_2.128 ;
    %load/vec4 v0x55fa4a1f6b00_0;
    %parti/s 1, 27, 6;
    %ix/load 4, 0, 0;
    %flag_set/imm 4, 0;
    %store/vec4 v0x55fa4a1f7850_0, 4, 1;
    %jmp T_2.133;
T_2.129 ;
    %load/vec4 v0x55fa4a1f6b00_0;
    %parti/s 1, 28, 6;
    %ix/load 4, 0, 0;
    %flag_set/imm 4, 0;
    %store/vec4 v0x55fa4a1f7850_0, 4, 1;
    %jmp T_2.133;
T_2.130 ;
    %load/vec4 v0x55fa4a1f6b00_0;
    %parti/s 1, 29, 6;
    %ix/load 4, 0, 0;
    %flag_set/imm 4, 0;
    %store/vec4 v0x55fa4a1f7850_0, 4, 1;
    %jmp T_2.133;
T_2.131 ;
    %load/vec4 v0x55fa4a1f6b00_0;
    %parti/s 1, 30, 6;
    %ix/load 4, 0, 0;
    %flag_set/imm 4, 0;
    %store/vec4 v0x55fa4a1f7850_0, 4, 1;
    %jmp T_2.133;
T_2.132 ;
    %load/vec4 v0x55fa4a1f6b00_0;
    %parti/s 1, 31, 6;
    %ix/load 4, 0, 0;
    %flag_set/imm 4, 0;
    %store/vec4 v0x55fa4a1f7850_0, 4, 1;
    %jmp T_2.133;
T_2.133 ;
    %pop/vec4 1;
    %jmp T_2.101;
T_2.100 ;
    %load/vec4 v0x55fa4a1f6b00_0;
    %parti/s 1, 0, 2;
    %ix/load 4, 0, 0;
    %flag_set/imm 4, 0;
    %store/vec4 v0x55fa4a1f7850_0, 4, 1;
T_2.101 ;
T_2.83 ;
T_2.73 ;
T_2.67 ;
T_2.65 ;
    %jmp T_2;
    .thread T_2, $push;
    .scope S_0x55fa4a177850;
T_3 ;
    %wait E_0x55fa4a181d20;
    %load/vec4 v0x55fa4a1f85a0_0;
    %assign/vec4 v0x55fa4a1f8680_0, 0;
    %load/vec4 v0x55fa4a1f8360_0;
    %load/vec4 v0x55fa4a1f9310_0;
    %or;
    %assign/vec4 v0x55fa4a1f8420_0, 0;
    %load/vec4 v0x55fa4a1f9310_0;
    %assign/vec4 v0x55fa4a1f93b0_0, 0;
    %load/vec4 v0x55fa4a1f8360_0;
    %load/vec4 v0x55fa4a1f8e00_0;
    %or;
    %assign/vec4 v0x55fa4a1f84e0_0, 0;
    %load/vec4 v0x55fa4a1f7b90_0;
    %assign/vec4 v0x55fa4a1f7c50_0, 0;
    %load/vec4 v0x55fa4a1f79b0_0;
    %assign/vec4 v0x55fa4a1f7ab0_0, 0;
    %load/vec4 v0x55fa4a1f7fb0_0;
    %assign/vec4 v0x55fa4a1f82c0_0, 0;
    %jmp T_3;
    .thread T_3;
    .scope S_0x55fa4a177850;
T_4 ;
    %wait E_0x55fa4a181d20;
    %load/vec4 v0x55fa4a1f82c0_0;
    %assign/vec4 v0x55fa4a1f8090_0, 0;
    %load/vec4 v0x55fa4a1f9090_0;
    %assign/vec4 v0x55fa4a1f8ec0_0, 0;
    %jmp T_4;
    .thread T_4;
    .scope S_0x55fa4a177850;
T_5 ;
    %wait E_0x55fa4a181d20;
    %load/vec4 v0x55fa4a1f8bb0_0;
    %assign/vec4 v0x55fa4a1f8c70_0, 0;
    %load/vec4 v0x55fa4a1f8090_0;
    %assign/vec4 v0x55fa4a1f8200_0, 0;
    %load/vec4 v0x55fa4a1f8ec0_0;
    %assign/vec4 v0x55fa4a1f8fa0_0, 0;
    %jmp T_5;
    .thread T_5;
    .scope S_0x55fa4a177850;
T_6 ;
    %wait E_0x55fa4a181d20;
    %load/vec4 v0x55fa4a1f8910_0;
    %assign/vec4 v0x55fa4a1f8a00_0, 0;
    %jmp T_6;
    .thread T_6;
# The file index is used to find the file name in the following table.
:file_names 6;
    "N/A";
    "<interactive>";
    "sram_ifc.v";
    "./bl_mask.v";
    "./input_shifter.v";
    "./log_output_shifter.v";
