#! /usr/bin/vvp
:ivl_version "10.3 (stable)";
:ivl_delay_selection "TYPICAL";
:vpi_time_precision - 9;
:vpi_module "system";
:vpi_module "vhdl_sys";
:vpi_module "v2005_math";
:vpi_module "va_math";
S_0x555feb24f120 .scope module, "unit_SRAM_tb" "unit_SRAM_tb" 2 8;
 .timescale -9 -9;
v0x555feb285220_0 .var "D_in", 31 0;
RS_0x7efc1046d9c8 .resolv tri, L_0x555feb28c5a0, L_0x555feb28c810, L_0x555feb28d060;
v0x555feb285350_0 .net8 "D_out", 31 0, RS_0x7efc1046d9c8;  3 drivers
v0x555feb285460_0 .var "addr", 11 0;
v0x555feb285550_0 .var "clk", 0 0;
v0x555feb2855f0_0 .var "conf", 1 0;
v0x555feb285750_0 .var "csb", 0 0;
v0x555feb285840_0 .var "web", 0 0;
S_0x555feb251280 .scope module, "sram" "unit_SRAM" 2 20, 3 7 0, S_0x555feb24f120;
 .timescale -9 -9;
    .port_info 0 /INPUT 1 "sram_clk"
    .port_info 1 /INPUT 32 "D_in"
    .port_info 2 /OUTPUT 32 "D_out"
    .port_info 3 /INPUT 12 "addr"
    .port_info 4 /INPUT 2 "conf"
    .port_info 5 /INPUT 1 "csb"
    .port_info 6 /INPUT 1 "web"
v0x555feb284210_0 .net "D_in", 31 0, v0x555feb285220_0;  1 drivers
v0x555feb284320_0 .net "D_in_sram", 31 0, L_0x555feb286f50;  1 drivers
v0x555feb284410_0 .net "D_in_sync", 31 0, v0x555feb2831c0_0;  1 drivers
v0x555feb284500_0 .net8 "D_out", 31 0, RS_0x7efc1046d9c8;  alias, 3 drivers
v0x555feb2845c0_0 .net "D_out_sram", 31 0, v0x555feb282870_0;  1 drivers
v0x555feb284700_0 .net "addr", 11 0, v0x555feb285460_0;  1 drivers
v0x555feb2847c0_0 .var "addr_overflow_registered", 1 0;
v0x555feb284860_0 .net "addr_sync", 11 0, v0x555feb283560_0;  1 drivers
v0x555feb284930_0 .net "conf", 1 0, v0x555feb2855f0_0;  1 drivers
v0x555feb284a00_0 .var "conf_registered", 1 0;
v0x555feb284ad0_0 .net "conf_sync", 1 0, v0x555feb2838e0_0;  1 drivers
v0x555feb284b70_0 .net "csb", 0 0, v0x555feb285750_0;  1 drivers
v0x555feb284c40_0 .net "csb_sync", 0 0, L_0x555feb21a9e0;  1 drivers
v0x555feb284ce0_0 .net "sram_clk", 0 0, v0x555feb285550_0;  1 drivers
v0x555feb284dd0_0 .net "web", 0 0, v0x555feb285840_0;  1 drivers
v0x555feb284e70_0 .net "web_sync", 0 0, L_0x555feb2859c0;  1 drivers
v0x555feb284f60_0 .net "write_mask", 3 0, L_0x555feb2899d0;  1 drivers
L_0x555feb289f70 .part v0x555feb283560_0, 10, 2;
L_0x555feb28a010 .part v0x555feb283560_0, 0, 10;
S_0x555feb251ea0 .scope module, "bl_mask_8_32" "bl_mask_8_32_1" 3 60, 4 1 0, S_0x555feb251280;
 .timescale -9 -9;
    .port_info 0 /INPUT 2 "addr"
    .port_info 1 /INPUT 2 "conf"
    .port_info 2 /OUTPUT 4 "bl_mask"
L_0x555feb2867b0 .functor NOT 1, L_0x555feb287c70, C4<0>, C4<0>, C4<0>;
L_0x555feb287d60 .functor NOT 1, L_0x555feb287dd0, C4<0>, C4<0>, C4<0>;
L_0x555feb287f10 .functor NOT 1, L_0x555feb287f80, C4<0>, C4<0>, C4<0>;
L_0x555feb288070 .functor NOT 1, L_0x555feb288110, C4<0>, C4<0>, C4<0>;
L_0x555feb288230 .functor NOR 1, L_0x555feb2882d0, L_0x555feb2883c0, C4<0>, C4<0>;
L_0x555feb2884f0 .functor NAND 1, L_0x555feb288070, L_0x555feb2885f0, C4<1>, C4<1>;
L_0x555feb2886e0 .functor NAND 1, L_0x555feb2887a0, L_0x555feb287f10, C4<1>, C4<1>;
L_0x555feb288af0 .functor NOR 1, L_0x555feb2884f0, L_0x555feb288c00, C4<0>, C4<0>;
L_0x555feb288cf0 .functor NOR 1, L_0x555feb2884f0, L_0x555feb2867b0, C4<0>, C4<0>;
L_0x555feb288db0 .functor NOR 1, L_0x555feb288230, L_0x555feb288af0, C4<0>, C4<0>;
L_0x555feb288f20 .functor NOR 1, L_0x555feb288230, L_0x555feb288cf0, C4<0>, C4<0>;
L_0x555feb288f90 .functor NOT 1, L_0x555feb288db0, C4<0>, C4<0>, C4<0>;
L_0x555feb2890c0 .functor NOT 1, L_0x555feb288f20, C4<0>, C4<0>, C4<0>;
L_0x555feb289180 .functor NOR 1, L_0x555feb2886e0, L_0x555feb2892c0, L_0x555feb289410, C4<0>;
L_0x555feb289050 .functor NOR 1, L_0x555feb2886e0, L_0x555feb2894b0, L_0x555feb2867b0, C4<0>;
L_0x555feb2895c0 .functor NOR 1, L_0x555feb2886e0, L_0x555feb287d60, L_0x555feb2896c0, C4<0>;
L_0x555feb2897b0 .functor NOR 1, L_0x555feb2886e0, L_0x555feb287d60, L_0x555feb2867b0, C4<0>;
L_0x555feb2898e0 .functor NOR 1, L_0x555feb288f90, L_0x555feb289180, C4<0>, C4<0>;
L_0x555feb289a70 .functor NOR 1, L_0x555feb288f90, L_0x555feb289050, C4<0>, C4<0>;
L_0x555feb289b30 .functor NOR 1, L_0x555feb2890c0, L_0x555feb2895c0, C4<0>, C4<0>;
L_0x555feb289cf0 .functor NOR 1, L_0x555feb2890c0, L_0x555feb2897b0, C4<0>, C4<0>;
v0x555feb25d980_0 .net *"_s1", 0 0, L_0x555feb287c70;  1 drivers
v0x555feb216840_0 .net *"_s11", 0 0, L_0x555feb2883c0;  1 drivers
v0x555feb24d7d0_0 .net *"_s13", 0 0, L_0x555feb2885f0;  1 drivers
v0x555feb27a7d0_0 .net *"_s15", 0 0, L_0x555feb2887a0;  1 drivers
v0x555feb27a8b0_0 .net *"_s17", 0 0, L_0x555feb288c00;  1 drivers
v0x555feb27a9e0_0 .net *"_s23", 0 0, L_0x555feb2892c0;  1 drivers
v0x555feb27aac0_0 .net *"_s25", 0 0, L_0x555feb289410;  1 drivers
v0x555feb27aba0_0 .net *"_s27", 0 0, L_0x555feb2894b0;  1 drivers
v0x555feb27ac80_0 .net *"_s29", 0 0, L_0x555feb2896c0;  1 drivers
v0x555feb27ad60_0 .net *"_s3", 0 0, L_0x555feb287dd0;  1 drivers
v0x555feb27ae40_0 .net *"_s5", 0 0, L_0x555feb287f80;  1 drivers
v0x555feb27af20_0 .net *"_s7", 0 0, L_0x555feb288110;  1 drivers
v0x555feb27b000_0 .net *"_s9", 0 0, L_0x555feb2882d0;  1 drivers
v0x555feb27b0e0_0 .net "addr", 1 0, L_0x555feb289f70;  1 drivers
v0x555feb27b1c0_0 .net "addr0_b", 0 0, L_0x555feb2867b0;  1 drivers
v0x555feb27b280_0 .net "addr1_b", 0 0, L_0x555feb287d60;  1 drivers
v0x555feb27b340_0 .net "bl_mask", 3 0, L_0x555feb2899d0;  alias, 1 drivers
v0x555feb27b420_0 .net "c16_b", 0 0, L_0x555feb2884f0;  1 drivers
v0x555feb27b4e0_0 .net "c16_h1_en", 0 0, L_0x555feb288af0;  1 drivers
v0x555feb27b5a0_0 .net "c16_h2_en", 0 0, L_0x555feb288cf0;  1 drivers
v0x555feb27b660_0 .net "c32", 0 0, L_0x555feb288230;  1 drivers
v0x555feb27b720_0 .net "c8_b", 0 0, L_0x555feb2886e0;  1 drivers
v0x555feb27b7e0_0 .net "c8_q1_en", 0 0, L_0x555feb289180;  1 drivers
v0x555feb27b8a0_0 .net "c8_q2_en", 0 0, L_0x555feb289050;  1 drivers
v0x555feb27b960_0 .net "c8_q3_en", 0 0, L_0x555feb2895c0;  1 drivers
v0x555feb27ba20_0 .net "c8_q4_en", 0 0, L_0x555feb2897b0;  1 drivers
v0x555feb27bae0_0 .net "conf", 1 0, v0x555feb2838e0_0;  alias, 1 drivers
v0x555feb27bbc0_0 .net "conf0_b", 0 0, L_0x555feb287f10;  1 drivers
v0x555feb27bc80_0 .net "conf1_b", 0 0, L_0x555feb288070;  1 drivers
v0x555feb27bd40_0 .net "h1_en", 0 0, L_0x555feb288f90;  1 drivers
v0x555feb27be00_0 .net "h1_en_b", 0 0, L_0x555feb288db0;  1 drivers
v0x555feb27bec0_0 .net "h2_en", 0 0, L_0x555feb2890c0;  1 drivers
v0x555feb27bf80_0 .net "h2_en_b", 0 0, L_0x555feb288f20;  1 drivers
v0x555feb27c040_0 .net "q1_en_b", 0 0, L_0x555feb2898e0;  1 drivers
v0x555feb27c100_0 .net "q2_en_b", 0 0, L_0x555feb289a70;  1 drivers
v0x555feb27c1c0_0 .net "q3_en_b", 0 0, L_0x555feb289b30;  1 drivers
v0x555feb27c280_0 .net "q4_en_b", 0 0, L_0x555feb289cf0;  1 drivers
L_0x555feb287c70 .part L_0x555feb289f70, 0, 1;
L_0x555feb287dd0 .part L_0x555feb289f70, 1, 1;
L_0x555feb287f80 .part v0x555feb2838e0_0, 0, 1;
L_0x555feb288110 .part v0x555feb2838e0_0, 1, 1;
L_0x555feb2882d0 .part v0x555feb2838e0_0, 1, 1;
L_0x555feb2883c0 .part v0x555feb2838e0_0, 0, 1;
L_0x555feb2885f0 .part v0x555feb2838e0_0, 0, 1;
L_0x555feb2887a0 .part v0x555feb2838e0_0, 1, 1;
L_0x555feb288c00 .part L_0x555feb289f70, 0, 1;
L_0x555feb2892c0 .part L_0x555feb289f70, 1, 1;
L_0x555feb289410 .part L_0x555feb289f70, 0, 1;
L_0x555feb2894b0 .part L_0x555feb289f70, 1, 1;
L_0x555feb2896c0 .part L_0x555feb289f70, 0, 1;
L_0x555feb2899d0 .concat [ 1 1 1 1], L_0x555feb2898e0, L_0x555feb289a70, L_0x555feb289b30, L_0x555feb289cf0;
S_0x555feb253ef0 .scope module, "data_in_mux" "data_in_mux_8_32_1" 3 51, 5 1 0, S_0x555feb251280;
 .timescale -9 -9;
    .port_info 0 /INPUT 32 "D"
    .port_info 1 /INPUT 2 "conf"
    .port_info 2 /OUTPUT 32 "data_in"
L_0x555feb285d30 .functor AND 1, L_0x555feb285ad0, L_0x555feb285c10, C4<1>, C4<1>;
L_0x555feb2861c0 .functor AND 1, L_0x555feb285ee0, L_0x555feb286010, C4<1>, C4<1>;
L_0x555feb2865b0 .functor AND 1, L_0x555feb2862d0, L_0x555feb286460, C4<1>, C4<1>;
v0x555feb27c410_0 .net "D", 31 0, v0x555feb2831c0_0;  alias, 1 drivers
v0x555feb27c510_0 .net *"_s1", 0 0, L_0x555feb285a30;  1 drivers
v0x555feb27c5f0_0 .net *"_s11", 0 0, L_0x555feb285e40;  1 drivers
v0x555feb27c6b0_0 .net *"_s13", 0 0, L_0x555feb285ee0;  1 drivers
v0x555feb27c770_0 .net *"_s15", 0 0, L_0x555feb286010;  1 drivers
v0x555feb27c8a0_0 .net *"_s19", 0 0, L_0x555feb2862d0;  1 drivers
v0x555feb27c980_0 .net *"_s21", 0 0, L_0x555feb2863c0;  1 drivers
v0x555feb27ca60_0 .net *"_s23", 0 0, L_0x555feb286460;  1 drivers
v0x555feb27cb20_0 .net *"_s29", 7 0, L_0x555feb286670;  1 drivers
v0x555feb27cc00_0 .net *"_s3", 0 0, L_0x555feb285ad0;  1 drivers
v0x555feb27ccc0_0 .net *"_s33", 7 0, L_0x555feb286710;  1 drivers
v0x555feb27cda0_0 .net *"_s35", 7 0, L_0x555feb286820;  1 drivers
v0x555feb27ce80_0 .net *"_s36", 7 0, L_0x555feb2868f0;  1 drivers
v0x555feb27cf60_0 .net *"_s41", 7 0, L_0x555feb286ae0;  1 drivers
v0x555feb27d040_0 .net *"_s43", 7 0, L_0x555feb286b80;  1 drivers
v0x555feb27d120_0 .net *"_s44", 7 0, L_0x555feb286dc0;  1 drivers
v0x555feb27d200_0 .net *"_s5", 0 0, L_0x555feb285b70;  1 drivers
v0x555feb27d2e0_0 .net *"_s50", 7 0, L_0x555feb287180;  1 drivers
v0x555feb27d3c0_0 .net *"_s51", 8 0, L_0x555feb287220;  1 drivers
L_0x7efc10423018 .functor BUFT 1, C4<0>, C4<0>, C4<0>, C4<0>;
v0x555feb27d4a0_0 .net *"_s54", 0 0, L_0x7efc10423018;  1 drivers
v0x555feb27d580_0 .net *"_s56", 8 0, L_0x555feb2870e0;  1 drivers
v0x555feb27d660_0 .net *"_s58", 7 0, L_0x555feb287410;  1 drivers
v0x555feb27d740_0 .net *"_s59", 8 0, L_0x555feb287570;  1 drivers
L_0x7efc10423060 .functor BUFT 1, C4<0>, C4<0>, C4<0>, C4<0>;
v0x555feb27d820_0 .net *"_s62", 0 0, L_0x7efc10423060;  1 drivers
v0x555feb27d900_0 .net *"_s63", 8 0, L_0x555feb2876b0;  1 drivers
v0x555feb27d9e0_0 .net *"_s65", 8 0, L_0x555feb287910;  1 drivers
v0x555feb27dac0_0 .net *"_s68", 7 0, L_0x555feb287a50;  1 drivers
v0x555feb27dba0_0 .net *"_s7", 0 0, L_0x555feb285c10;  1 drivers
v0x555feb27dc60_0 .net "c16", 0 0, L_0x555feb2861c0;  1 drivers
v0x555feb27dd20_0 .net "c32", 0 0, L_0x555feb285d30;  1 drivers
v0x555feb27dde0_0 .net "c8", 0 0, L_0x555feb2865b0;  1 drivers
v0x555feb27dea0_0 .net "conf", 1 0, v0x555feb2838e0_0;  alias, 1 drivers
v0x555feb27df60_0 .net "data_in", 31 0, L_0x555feb286f50;  alias, 1 drivers
L_0x555feb285a30 .part v0x555feb2838e0_0, 1, 1;
L_0x555feb285ad0 .reduce/nor L_0x555feb285a30;
L_0x555feb285b70 .part v0x555feb2838e0_0, 0, 1;
L_0x555feb285c10 .reduce/nor L_0x555feb285b70;
L_0x555feb285e40 .part v0x555feb2838e0_0, 1, 1;
L_0x555feb285ee0 .reduce/nor L_0x555feb285e40;
L_0x555feb286010 .part v0x555feb2838e0_0, 0, 1;
L_0x555feb2862d0 .part v0x555feb2838e0_0, 1, 1;
L_0x555feb2863c0 .part v0x555feb2838e0_0, 0, 1;
L_0x555feb286460 .reduce/nor L_0x555feb2863c0;
L_0x555feb286670 .part v0x555feb2831c0_0, 0, 8;
L_0x555feb286710 .part v0x555feb2831c0_0, 0, 8;
L_0x555feb286820 .part v0x555feb2831c0_0, 8, 8;
L_0x555feb2868f0 .functor MUXZ 8, L_0x555feb286820, L_0x555feb286710, L_0x555feb2865b0, C4<>;
L_0x555feb286ae0 .part v0x555feb2831c0_0, 16, 8;
L_0x555feb286b80 .part v0x555feb2831c0_0, 0, 8;
L_0x555feb286dc0 .functor MUXZ 8, L_0x555feb286b80, L_0x555feb286ae0, L_0x555feb285d30, C4<>;
L_0x555feb286f50 .concat8 [ 8 8 8 8], L_0x555feb286670, L_0x555feb2868f0, L_0x555feb286dc0, L_0x555feb287a50;
L_0x555feb287180 .part v0x555feb2831c0_0, 24, 8;
L_0x555feb287220 .concat [ 8 1 0 0], L_0x555feb287180, L_0x7efc10423018;
L_0x555feb2870e0 .part v0x555feb2831c0_0, 7, 9;
L_0x555feb287410 .part v0x555feb2831c0_0, 0, 8;
L_0x555feb287570 .concat [ 8 1 0 0], L_0x555feb287410, L_0x7efc10423060;
L_0x555feb2876b0 .functor MUXZ 9, L_0x555feb287570, L_0x555feb2870e0, L_0x555feb2861c0, C4<>;
L_0x555feb287910 .functor MUXZ 9, L_0x555feb2876b0, L_0x555feb287220, L_0x555feb285d30, C4<>;
L_0x555feb287a50 .part L_0x555feb287910, 0, 8;
S_0x555feb2567b0 .scope module, "data_out_mux" "data_out_mux_8_32_1" 3 79, 6 1 0, S_0x555feb251280;
 .timescale -9 -9;
    .port_info 0 /INPUT 32 "D"
    .port_info 1 /INPUT 2 "conf"
    .port_info 2 /INPUT 2 "addr"
    .port_info 3 /OUTPUT 32 "data_out"
L_0x555feb289550 .functor AND 1, L_0x555feb28a150, L_0x555feb28a2e0, C4<1>, C4<1>;
L_0x555feb28a6c0 .functor AND 1, L_0x555feb28a540, L_0x555feb28a620, C4<1>, C4<1>;
L_0x555feb28aab0 .functor AND 1, L_0x555feb28a7d0, L_0x555feb28a960, C4<1>, C4<1>;
L_0x555feb28adc0 .functor AND 1, L_0x555feb28a6c0, L_0x555feb28ac60, C4<1>, C4<1>;
L_0x555feb28afa0 .functor AND 1, L_0x555feb28a6c0, L_0x555feb28af00, C4<1>, C4<1>;
L_0x555feb28ad50 .functor AND 1, L_0x555feb28aab0, L_0x555feb28b210, C4<1>, C4<1>;
L_0x555feb28b5b0 .functor AND 1, L_0x555feb28ad50, L_0x555feb28b4c0, C4<1>, C4<1>;
L_0x555feb28b8f0 .functor AND 1, L_0x555feb28aab0, L_0x555feb28b800, C4<1>, C4<1>;
L_0x555feb28bb50 .functor AND 1, L_0x555feb28b8f0, L_0x555feb28ba00, C4<1>, C4<1>;
L_0x555feb28bd70 .functor AND 1, L_0x555feb28aab0, L_0x555feb28b760, C4<1>, C4<1>;
L_0x555feb28c040 .functor AND 1, L_0x555feb28bd70, L_0x555feb28bfa0, C4<1>, C4<1>;
L_0x555feb28c2c0 .functor AND 1, L_0x555feb28aab0, L_0x555feb28c150, C4<1>, C4<1>;
L_0x555feb28c490 .functor AND 1, L_0x555feb28c2c0, L_0x555feb28c3f0, C4<1>, C4<1>;
L_0x555feb28d100 .functor OR 1, L_0x555feb28afa0, L_0x555feb28c040, C4<0>, C4<0>;
v0x555feb27e2b0_0 .net "D", 31 0, v0x555feb282870_0;  alias, 1 drivers
v0x555feb27e370_0 .net *"_s1", 0 0, L_0x555feb28a0b0;  1 drivers
L_0x7efc104230f0 .functor BUFT 1, C4<0>, C4<0>, C4<0>, C4<0>;
v0x555feb27e450_0 .net *"_s101", 0 0, L_0x7efc104230f0;  1 drivers
v0x555feb27e510_0 .net *"_s103", 7 0, L_0x555feb28d540;  1 drivers
v0x555feb27e5f0_0 .net *"_s104", 8 0, L_0x555feb28d2e0;  1 drivers
L_0x7efc10423138 .functor BUFT 1, C4<0>, C4<0>, C4<0>, C4<0>;
v0x555feb27e720_0 .net *"_s107", 0 0, L_0x7efc10423138;  1 drivers
v0x555feb27e800_0 .net *"_s109", 8 0, L_0x555feb28d7b0;  1 drivers
v0x555feb27e8e0_0 .net *"_s11", 0 0, L_0x555feb28a4a0;  1 drivers
v0x555feb27e9c0_0 .net *"_s111", 7 0, L_0x555feb28d990;  1 drivers
v0x555feb27eaa0_0 .net *"_s112", 8 0, L_0x555feb28da30;  1 drivers
L_0x7efc10423180 .functor BUFT 1, C4<0>, C4<0>, C4<0>, C4<0>;
v0x555feb27eb80_0 .net *"_s115", 0 0, L_0x7efc10423180;  1 drivers
v0x555feb27ec60_0 .net *"_s116", 8 0, L_0x555feb28dcc0;  1 drivers
v0x555feb27ed40_0 .net *"_s118", 8 0, L_0x555feb28de50;  1 drivers
v0x555feb27ee20_0 .net *"_s120", 8 0, L_0x555feb28e140;  1 drivers
v0x555feb27ef00_0 .net *"_s123", 7 0, L_0x555feb28e2d0;  1 drivers
v0x555feb27efe0_0 .net *"_s13", 0 0, L_0x555feb28a540;  1 drivers
v0x555feb27f0a0_0 .net *"_s15", 0 0, L_0x555feb28a620;  1 drivers
v0x555feb27f180_0 .net *"_s19", 0 0, L_0x555feb28a7d0;  1 drivers
v0x555feb27f260_0 .net *"_s21", 0 0, L_0x555feb28a8c0;  1 drivers
v0x555feb27f340_0 .net *"_s23", 0 0, L_0x555feb28a960;  1 drivers
v0x555feb27f400_0 .net *"_s27", 0 0, L_0x555feb28ab70;  1 drivers
v0x555feb27f4e0_0 .net *"_s29", 0 0, L_0x555feb28ac60;  1 drivers
v0x555feb27f5a0_0 .net *"_s3", 0 0, L_0x555feb28a150;  1 drivers
v0x555feb27f660_0 .net *"_s33", 0 0, L_0x555feb28af00;  1 drivers
v0x555feb27f740_0 .net *"_s37", 0 0, L_0x555feb28b060;  1 drivers
v0x555feb27f820_0 .net *"_s39", 0 0, L_0x555feb28b210;  1 drivers
v0x555feb27f8e0_0 .net *"_s40", 0 0, L_0x555feb28ad50;  1 drivers
v0x555feb27f9a0_0 .net *"_s43", 0 0, L_0x555feb28b390;  1 drivers
v0x555feb27fa80_0 .net *"_s45", 0 0, L_0x555feb28b4c0;  1 drivers
v0x555feb27fb40_0 .net *"_s49", 0 0, L_0x555feb28b6c0;  1 drivers
v0x555feb27fc20_0 .net *"_s5", 0 0, L_0x555feb28a240;  1 drivers
v0x555feb27fd00_0 .net *"_s51", 0 0, L_0x555feb28b800;  1 drivers
v0x555feb27fdc0_0 .net *"_s52", 0 0, L_0x555feb28b8f0;  1 drivers
v0x555feb280090_0 .net *"_s55", 0 0, L_0x555feb28ba00;  1 drivers
v0x555feb280170_0 .net *"_s59", 0 0, L_0x555feb28b760;  1 drivers
v0x555feb280250_0 .net *"_s60", 0 0, L_0x555feb28bd70;  1 drivers
v0x555feb280310_0 .net *"_s63", 0 0, L_0x555feb28be40;  1 drivers
v0x555feb2803f0_0 .net *"_s65", 0 0, L_0x555feb28bfa0;  1 drivers
v0x555feb2804b0_0 .net *"_s69", 0 0, L_0x555feb28c150;  1 drivers
v0x555feb280590_0 .net *"_s7", 0 0, L_0x555feb28a2e0;  1 drivers
v0x555feb280650_0 .net *"_s70", 0 0, L_0x555feb28c2c0;  1 drivers
v0x555feb280710_0 .net *"_s73", 0 0, L_0x555feb28c3f0;  1 drivers
v0x555feb2807f0_0 .net *"_s79", 15 0, L_0x555feb28c720;  1 drivers
v0x555feb2808d0_0 .net *"_s83", 7 0, L_0x555feb28c9a0;  1 drivers
v0x555feb2809b0_0 .net *"_s84", 8 0, L_0x555feb28cad0;  1 drivers
L_0x7efc104230a8 .functor BUFT 1, C4<0>, C4<0>, C4<0>, C4<0>;
v0x555feb280a90_0 .net *"_s87", 0 0, L_0x7efc104230a8;  1 drivers
v0x555feb280b70_0 .net *"_s89", 8 0, L_0x555feb28cca0;  1 drivers
v0x555feb280c50_0 .net *"_s90", 8 0, L_0x555feb28cd70;  1 drivers
v0x555feb280d30_0 .net *"_s94", 0 0, L_0x555feb28d100;  1 drivers
v0x555feb280df0_0 .net *"_s97", 7 0, L_0x555feb28d240;  1 drivers
v0x555feb280ed0_0 .net *"_s98", 8 0, L_0x555feb28d400;  1 drivers
v0x555feb280fb0_0 .net "addr", 1 0, v0x555feb2847c0_0;  1 drivers
v0x555feb281090_0 .net "c16", 0 0, L_0x555feb28a6c0;  1 drivers
v0x555feb281150_0 .net "c16_h1", 0 0, L_0x555feb28adc0;  1 drivers
v0x555feb281210_0 .net "c16_h2", 0 0, L_0x555feb28afa0;  1 drivers
v0x555feb2812d0_0 .net "c32", 0 0, L_0x555feb289550;  1 drivers
v0x555feb281390_0 .net "c8", 0 0, L_0x555feb28aab0;  1 drivers
v0x555feb281450_0 .net "c8_q1", 0 0, L_0x555feb28b5b0;  1 drivers
v0x555feb281510_0 .net "c8_q2", 0 0, L_0x555feb28bb50;  1 drivers
v0x555feb2815d0_0 .net "c8_q3", 0 0, L_0x555feb28c040;  1 drivers
v0x555feb281690_0 .net "c8_q4", 0 0, L_0x555feb28c490;  1 drivers
v0x555feb281750_0 .net "conf", 1 0, v0x555feb284a00_0;  1 drivers
v0x555feb281830_0 .net8 "data_out", 31 0, RS_0x7efc1046d9c8;  alias, 3 drivers
L_0x555feb28a0b0 .part v0x555feb284a00_0, 1, 1;
L_0x555feb28a150 .reduce/nor L_0x555feb28a0b0;
L_0x555feb28a240 .part v0x555feb284a00_0, 0, 1;
L_0x555feb28a2e0 .reduce/nor L_0x555feb28a240;
L_0x555feb28a4a0 .part v0x555feb284a00_0, 1, 1;
L_0x555feb28a540 .reduce/nor L_0x555feb28a4a0;
L_0x555feb28a620 .part v0x555feb284a00_0, 0, 1;
L_0x555feb28a7d0 .part v0x555feb284a00_0, 1, 1;
L_0x555feb28a8c0 .part v0x555feb284a00_0, 0, 1;
L_0x555feb28a960 .reduce/nor L_0x555feb28a8c0;
L_0x555feb28ab70 .part v0x555feb2847c0_0, 0, 1;
L_0x555feb28ac60 .reduce/nor L_0x555feb28ab70;
L_0x555feb28af00 .part v0x555feb2847c0_0, 0, 1;
L_0x555feb28b060 .part v0x555feb2847c0_0, 1, 1;
L_0x555feb28b210 .reduce/nor L_0x555feb28b060;
L_0x555feb28b390 .part v0x555feb2847c0_0, 0, 1;
L_0x555feb28b4c0 .reduce/nor L_0x555feb28b390;
L_0x555feb28b6c0 .part v0x555feb2847c0_0, 1, 1;
L_0x555feb28b800 .reduce/nor L_0x555feb28b6c0;
L_0x555feb28ba00 .part v0x555feb2847c0_0, 0, 1;
L_0x555feb28b760 .part v0x555feb2847c0_0, 1, 1;
L_0x555feb28be40 .part v0x555feb2847c0_0, 0, 1;
L_0x555feb28bfa0 .reduce/nor L_0x555feb28be40;
L_0x555feb28c150 .part v0x555feb2847c0_0, 1, 1;
L_0x555feb28c3f0 .part v0x555feb2847c0_0, 0, 1;
L_0x555feb28c5a0 .part/pv L_0x555feb28c720, 16, 16, 32;
L_0x555feb28c720 .part v0x555feb282870_0, 16, 16;
L_0x555feb28c810 .part/pv L_0x555feb28cd70, 7, 9, 32;
L_0x555feb28c9a0 .part v0x555feb282870_0, 24, 8;
L_0x555feb28cad0 .concat [ 8 1 0 0], L_0x555feb28c9a0, L_0x7efc104230a8;
L_0x555feb28cca0 .part v0x555feb282870_0, 7, 9;
L_0x555feb28cd70 .functor MUXZ 9, L_0x555feb28cca0, L_0x555feb28cad0, L_0x555feb28afa0, C4<>;
L_0x555feb28d060 .part/pv L_0x555feb28e2d0, 0, 8, 32;
L_0x555feb28d240 .part v0x555feb282870_0, 16, 8;
L_0x555feb28d400 .concat [ 8 1 0 0], L_0x555feb28d240, L_0x7efc104230f0;
L_0x555feb28d540 .part v0x555feb282870_0, 24, 8;
L_0x555feb28d2e0 .concat [ 8 1 0 0], L_0x555feb28d540, L_0x7efc10423138;
L_0x555feb28d7b0 .part v0x555feb282870_0, 7, 9;
L_0x555feb28d990 .part v0x555feb282870_0, 0, 8;
L_0x555feb28da30 .concat [ 8 1 0 0], L_0x555feb28d990, L_0x7efc10423180;
L_0x555feb28dcc0 .functor MUXZ 9, L_0x555feb28da30, L_0x555feb28d7b0, L_0x555feb28bb50, C4<>;
L_0x555feb28de50 .functor MUXZ 9, L_0x555feb28dcc0, L_0x555feb28d2e0, L_0x555feb28c490, C4<>;
L_0x555feb28e140 .functor MUXZ 9, L_0x555feb28de50, L_0x555feb28d400, L_0x555feb28d100, C4<>;
L_0x555feb28e2d0 .part L_0x555feb28e140, 0, 8;
S_0x555feb281990 .scope module, "sram" "sram_32_1024_scn4m_subm" 3 69, 7 11 0, S_0x555feb251280;
 .timescale -9 -9;
    .port_info 0 /INPUT 1 "clk0"
    .port_info 1 /INPUT 1 "csb0"
    .port_info 2 /INPUT 1 "web0"
    .port_info 3 /INPUT 4 "wmask0"
    .port_info 4 /INPUT 10 "addr0"
    .port_info 5 /INPUT 32 "din0"
    .port_info 6 /OUTPUT 32 "dout0"
P_0x555feb281b10 .param/l "ADDR_WIDTH" 0 7 18, +C4<00000000000000000000000000001010>;
P_0x555feb281b50 .param/l "DATA_WIDTH" 0 7 17, +C4<00000000000000000000000000100000>;
P_0x555feb281b90 .param/l "DELAY" 0 7 21, +C4<00000000000000000000000000000000>;
P_0x555feb281bd0 .param/l "NUM_WMASKS" 0 7 16, +C4<00000000000000000000000000000100>;
P_0x555feb281c10 .param/l "RAM_DEPTH" 0 7 19, +C4<000000000000000000000000000000010000000000>;
v0x555feb282290_0 .net "addr0", 9 0, L_0x555feb28a010;  1 drivers
v0x555feb282370_0 .var "addr0_reg", 9 0;
v0x555feb282450_0 .net "clk0", 0 0, v0x555feb285550_0;  alias, 1 drivers
v0x555feb282520_0 .net "csb0", 0 0, L_0x555feb21a9e0;  alias, 1 drivers
v0x555feb2825e0_0 .var "csb0_reg", 0 0;
v0x555feb2826f0_0 .net "din0", 31 0, L_0x555feb286f50;  alias, 1 drivers
v0x555feb2827b0_0 .var "din0_reg", 31 0;
v0x555feb282870_0 .var "dout0", 31 0;
v0x555feb282960 .array "mem", 1023 0, 31 0;
v0x555feb282a00_0 .net "web0", 0 0, L_0x555feb2859c0;  alias, 1 drivers
v0x555feb282ac0_0 .var "web0_reg", 0 0;
v0x555feb282b80_0 .net "wmask0", 3 0, L_0x555feb2899d0;  alias, 1 drivers
v0x555feb282c70_0 .var "wmask0_reg", 3 0;
E_0x555feb227370 .event negedge, v0x555feb282450_0;
E_0x555feb225d10 .event posedge, v0x555feb282450_0;
S_0x555feb281eb0 .scope begin, "MEM_READ0" "MEM_READ0" 7 70, 7 70 0, S_0x555feb281990;
 .timescale -9 -9;
S_0x555feb2820a0 .scope begin, "MEM_WRITE0" "MEM_WRITE0" 7 54, 7 54 0, S_0x555feb281990;
 .timescale -9 -9;
S_0x555feb282e10 .scope module, "sync" "synchronizer_sram" 3 26, 8 1 0, S_0x555feb251280;
 .timescale -9 -9;
    .port_info 0 /INPUT 32 "D_in"
    .port_info 1 /INPUT 12 "addr"
    .port_info 2 /INPUT 2 "conf"
    .port_info 3 /INPUT 1 "csb"
    .port_info 4 /INPUT 1 "web"
    .port_info 5 /OUTPUT 32 "D_in_sync"
    .port_info 6 /OUTPUT 12 "addr_sync"
    .port_info 7 /OUTPUT 2 "conf_sync"
    .port_info 8 /OUTPUT 1 "csb_sync"
    .port_info 9 /OUTPUT 1 "web_sync"
    .port_info 10 /INPUT 1 "sram_clk"
L_0x555feb21a9e0 .functor BUFZ 1, v0x555feb283c00_0, C4<0>, C4<0>, C4<0>;
L_0x555feb2859c0 .functor BUFZ 1, v0x555feb283f40_0, C4<0>, C4<0>, C4<0>;
v0x555feb282fe0_0 .net "D_in", 31 0, v0x555feb285220_0;  alias, 1 drivers
v0x555feb2830e0_0 .var "D_in_int", 31 0;
v0x555feb2831c0_0 .var "D_in_reg", 31 0;
v0x555feb283280_0 .net "D_in_sync", 31 0, v0x555feb2831c0_0;  alias, 1 drivers
v0x555feb283370_0 .net "addr", 11 0, v0x555feb285460_0;  alias, 1 drivers
v0x555feb283480_0 .var "addr_int", 11 0;
v0x555feb283560_0 .var "addr_reg", 11 0;
v0x555feb283640_0 .net "addr_sync", 11 0, v0x555feb283560_0;  alias, 1 drivers
v0x555feb283720_0 .net "conf", 1 0, v0x555feb2855f0_0;  alias, 1 drivers
v0x555feb283800_0 .var "conf_int", 1 0;
v0x555feb2838e0_0 .var "conf_reg", 1 0;
v0x555feb2839c0_0 .net "conf_sync", 1 0, v0x555feb2838e0_0;  alias, 1 drivers
v0x555feb283a80_0 .net "csb", 0 0, v0x555feb285750_0;  alias, 1 drivers
v0x555feb283b40_0 .var "csb_int", 0 0;
v0x555feb283c00_0 .var "csb_reg", 0 0;
v0x555feb283cc0_0 .net "csb_sync", 0 0, L_0x555feb21a9e0;  alias, 1 drivers
v0x555feb283d60_0 .net "sram_clk", 0 0, v0x555feb285550_0;  alias, 1 drivers
v0x555feb283e00_0 .net "web", 0 0, v0x555feb285840_0;  alias, 1 drivers
v0x555feb283ea0_0 .var "web_int", 0 0;
v0x555feb283f40_0 .var "web_reg", 0 0;
v0x555feb284000_0 .net "web_sync", 0 0, L_0x555feb2859c0;  alias, 1 drivers
    .scope S_0x555feb282e10;
T_0 ;
    %wait E_0x555feb225d10;
    %load/vec4 v0x555feb282fe0_0;
    %assign/vec4 v0x555feb2830e0_0, 0;
    %load/vec4 v0x555feb283370_0;
    %assign/vec4 v0x555feb283480_0, 0;
    %load/vec4 v0x555feb283720_0;
    %assign/vec4 v0x555feb283800_0, 0;
    %load/vec4 v0x555feb283a80_0;
    %assign/vec4 v0x555feb283b40_0, 0;
    %load/vec4 v0x555feb283e00_0;
    %assign/vec4 v0x555feb283ea0_0, 0;
    %load/vec4 v0x555feb2830e0_0;
    %assign/vec4 v0x555feb2831c0_0, 0;
    %load/vec4 v0x555feb283480_0;
    %assign/vec4 v0x555feb283560_0, 0;
    %load/vec4 v0x555feb283800_0;
    %assign/vec4 v0x555feb2838e0_0, 0;
    %load/vec4 v0x555feb283b40_0;
    %assign/vec4 v0x555feb283c00_0, 0;
    %load/vec4 v0x555feb283ea0_0;
    %assign/vec4 v0x555feb283f40_0, 0;
    %jmp T_0;
    .thread T_0;
    .scope S_0x555feb281990;
T_1 ;
    %wait E_0x555feb225d10;
    %load/vec4 v0x555feb282520_0;
    %store/vec4 v0x555feb2825e0_0, 0, 1;
    %load/vec4 v0x555feb282a00_0;
    %store/vec4 v0x555feb282ac0_0, 0, 1;
    %load/vec4 v0x555feb282b80_0;
    %store/vec4 v0x555feb282c70_0, 0, 4;
    %load/vec4 v0x555feb282290_0;
    %store/vec4 v0x555feb282370_0, 0, 10;
    %load/vec4 v0x555feb2826f0_0;
    %store/vec4 v0x555feb2827b0_0, 0, 32;
    %pushi/vec4 4294967295, 4294967295, 32;
    %store/vec4 v0x555feb282870_0, 0, 32;
    %jmp T_1;
    .thread T_1;
    .scope S_0x555feb281990;
T_2 ;
    %wait E_0x555feb227370;
    %fork t_1, S_0x555feb2820a0;
    %jmp t_0;
    .scope S_0x555feb2820a0;
t_1 ;
    %load/vec4 v0x555feb2825e0_0;
    %nor/r;
    %load/vec4 v0x555feb282ac0_0;
    %nor/r;
    %and;
    %flag_set/vec4 8;
    %jmp/0xz  T_2.0, 8;
    %load/vec4 v0x555feb282c70_0;
    %parti/s 1, 0, 2;
    %nor/r;
    %flag_set/vec4 8;
    %jmp/0xz  T_2.2, 8;
    %load/vec4 v0x555feb2827b0_0;
    %parti/s 8, 0, 2;
    %load/vec4 v0x555feb282370_0;
    %pad/u 12;
    %ix/vec4 4;
    %flag_mov 8, 4;
    %ix/load 5, 0, 0;
    %flag_set/imm 4, 0;
    %flag_or 4, 8;
    %store/vec4a v0x555feb282960, 4, 5;
T_2.2 ;
    %load/vec4 v0x555feb282c70_0;
    %parti/s 1, 1, 2;
    %nor/r;
    %flag_set/vec4 8;
    %jmp/0xz  T_2.4, 8;
    %load/vec4 v0x555feb2827b0_0;
    %parti/s 8, 8, 5;
    %load/vec4 v0x555feb282370_0;
    %pad/u 12;
    %ix/vec4 4;
    %flag_mov 8, 4;
    %ix/load 5, 8, 0;
    %flag_set/imm 4, 0;
    %flag_or 4, 8;
    %store/vec4a v0x555feb282960, 4, 5;
T_2.4 ;
    %load/vec4 v0x555feb282c70_0;
    %parti/s 1, 2, 3;
    %nor/r;
    %flag_set/vec4 8;
    %jmp/0xz  T_2.6, 8;
    %load/vec4 v0x555feb2827b0_0;
    %parti/s 8, 16, 6;
    %load/vec4 v0x555feb282370_0;
    %pad/u 12;
    %ix/vec4 4;
    %flag_mov 8, 4;
    %ix/load 5, 16, 0;
    %flag_set/imm 4, 0;
    %flag_or 4, 8;
    %store/vec4a v0x555feb282960, 4, 5;
T_2.6 ;
    %load/vec4 v0x555feb282c70_0;
    %parti/s 1, 3, 3;
    %nor/r;
    %flag_set/vec4 8;
    %jmp/0xz  T_2.8, 8;
    %load/vec4 v0x555feb2827b0_0;
    %parti/s 8, 24, 6;
    %load/vec4 v0x555feb282370_0;
    %pad/u 12;
    %ix/vec4 4;
    %flag_mov 8, 4;
    %ix/load 5, 24, 0;
    %flag_set/imm 4, 0;
    %flag_or 4, 8;
    %store/vec4a v0x555feb282960, 4, 5;
T_2.8 ;
T_2.0 ;
    %end;
    .scope S_0x555feb281990;
t_0 %join;
    %jmp T_2;
    .thread T_2;
    .scope S_0x555feb281990;
T_3 ;
    %wait E_0x555feb227370;
    %fork t_3, S_0x555feb281eb0;
    %jmp t_2;
    .scope S_0x555feb281eb0;
t_3 ;
    %load/vec4 v0x555feb2825e0_0;
    %nor/r;
    %load/vec4 v0x555feb282ac0_0;
    %and;
    %flag_set/vec4 8;
    %jmp/0xz  T_3.0, 8;
    %load/vec4 v0x555feb282370_0;
    %pad/u 12;
    %ix/vec4 4;
    %load/vec4a v0x555feb282960, 4;
    %assign/vec4 v0x555feb282870_0, 0;
T_3.0 ;
    %end;
    .scope S_0x555feb281990;
t_2 %join;
    %jmp T_3;
    .thread T_3;
    .scope S_0x555feb251280;
T_4 ;
    %wait E_0x555feb225d10;
    %load/vec4 v0x555feb284ad0_0;
    %assign/vec4 v0x555feb284a00_0, 0;
    %load/vec4 v0x555feb284860_0;
    %parti/s 2, 10, 5;
    %assign/vec4 v0x555feb2847c0_0, 0;
    %jmp T_4;
    .thread T_4;
    .scope S_0x555feb24f120;
T_5 ;
    %pushi/vec4 0, 0, 1;
    %store/vec4 v0x555feb285550_0, 0, 1;
    %end;
    .thread T_5;
    .scope S_0x555feb24f120;
T_6 ;
    %delay 4, 0;
    %load/vec4 v0x555feb285550_0;
    %inv;
    %store/vec4 v0x555feb285550_0, 0, 1;
    %jmp T_6;
    .thread T_6;
    .scope S_0x555feb24f120;
T_7 ;
    %vpi_call 2 31 "$dumpfile", "unit_SRAM_tb.vcd" {0 0 0};
    %vpi_call 2 32 "$dumpvars", 32'sb00000000000000000000000000000000, S_0x555feb24f120 {0 0 0};
    %delay 2, 0;
    %pushi/vec4 0, 0, 2;
    %store/vec4 v0x555feb2855f0_0, 0, 2;
    %pushi/vec4 0, 0, 12;
    %store/vec4 v0x555feb285460_0, 0, 12;
    %pushi/vec4 2864434397, 0, 32;
    %store/vec4 v0x555feb285220_0, 0, 32;
    %pushi/vec4 0, 0, 1;
    %store/vec4 v0x555feb285750_0, 0, 1;
    %pushi/vec4 0, 0, 1;
    %store/vec4 v0x555feb285840_0, 0, 1;
    %delay 8, 0;
    %pushi/vec4 1, 0, 1;
    %store/vec4 v0x555feb285750_0, 0, 1;
    %delay 8, 0;
    %pushi/vec4 0, 0, 1;
    %store/vec4 v0x555feb285750_0, 0, 1;
    %pushi/vec4 1, 0, 1;
    %store/vec4 v0x555feb285840_0, 0, 1;
    %delay 24, 0;
    %vpi_call 2 49 "$finish" {0 0 0};
    %end;
    .thread T_7;
# The file index is used to find the file name in the following table.
:file_names 9;
    "N/A";
    "<interactive>";
    "unit_SRAM_tb.v";
    "/home/adhiraj/sram_team/src/unit_SRAM/unit_SRAM.v";
    "/home/adhiraj/sram_team/src/decoder/bl_mask_8_32_1.v";
    "/home/adhiraj/sram_team/src/decoder/data_in_mux_8_32_1.v";
    "/home/adhiraj/sram_team/src/decoder/data_out_mux_8_32_1.v";
    "/home/adhiraj/sram_team/src/behavioral/sram_32_1024_scn4m_subm.v";
    "/home/adhiraj/sram_team/src/input/synchronizer_sram.v";
